#
# There is insufficient memory for the Java Runtime Environment to continue.
# Native memory allocation (malloc) failed to allocate 40320 bytes for Chunk::new
# Possible reasons:
#   The system is out of physical RAM or swap space
#   The process is running with CompressedOops enabled, and the Java Heap may be blocking the growth of the native heap
# Possible solutions:
#   Reduce memory load on the system
#   Increase physical memory or swap space
#   Check if swap backing store is full
#   Decrease Java heap size (-Xmx/-Xms)
#   Decrease number of Java threads
#   Decrease Java thread stack sizes (-Xss)
#   Set larger code cache with -XX:ReservedCodeCacheSize=
#   JVM is running with Unscaled Compressed Oops mode in which the Java heap is
#     placed in the first 4GB address space. The Java Heap base address is the
#     maximum limit for the native heap growth. Please use -XX:HeapBaseMinAddress
#     to set the Java Heap base and to place the Java Heap above 4GB virtual address.
# This output file may be truncated or incomplete.
#
#  Out of Memory Error (arena.cpp:189), pid=5388, tid=15832
#
# JRE version: Java(TM) SE Runtime Environment (17.0+35) (build 17+35-LTS-2724)
# Java VM: Java HotSpot(TM) 64-Bit Server VM (17+35-LTS-2724, mixed mode, sharing, tiered, compressed oops, compressed class ptrs, g1 gc, windows-amd64)
# No core dump will be written. Minidumps are not enabled by default on client versions of Windows
#

---------------  S U M M A R Y ------------

Command Line: -Dfile.encoding=Cp1252 -XX:+ShowCodeDetailsInExceptionMessages grafica.MainGrafico

Host: AMD Ryzen 5 3500U with Radeon Vega Mobile Gfx  , 8 cores, 5G,  Windows 10 , 64 bit Build 19041 (10.0.19041.2251)
Time: Wed Dec 28 17:43:18 2022 ora solare Europa occidentale elapsed time: 11464.264960 seconds (0d 3h 11m 4s)

---------------  T H R E A D  ---------------

Current thread (0x000001cb1a155100):  JavaThread "C2 CompilerThread0" daemon [_thread_in_native, id=15832, stack(0x0000005670100000,0x0000005670200000)]


Current CompileTask:
C2:11464265 1849       4       java.util.concurrent.ConcurrentHashMap::addCount (280 bytes)

Stack: [0x0000005670100000,0x0000005670200000]
Native frames: (J=compiled Java code, j=interpreted, Vv=VM code, C=native code)
V  [jvm.dll+0x66f8ea]
V  [jvm.dll+0x7ce224]
V  [jvm.dll+0x7cf9ce]
V  [jvm.dll+0x7d0033]
V  [jvm.dll+0x242bb5]
V  [jvm.dll+0xaa05b]
V  [jvm.dll+0xaa5ec]
V  [jvm.dll+0x35f9f7]
V  [jvm.dll+0x329f61]
V  [jvm.dll+0x32940a]
V  [jvm.dll+0x215ca1]
V  [jvm.dll+0x2150c1]
V  [jvm.dll+0x1a168d]
V  [jvm.dll+0x2248f8]
V  [jvm.dll+0x222a5c]
V  [jvm.dll+0x78422b]
V  [jvm.dll+0x77e7ea]
V  [jvm.dll+0x66e715]
C  [ucrtbase.dll+0x21bb2]
C  [KERNEL32.DLL+0x174b4]
C  [ntdll.dll+0x526a1]


---------------  P R O C E S S  ---------------

Threads class SMR info:
_java_thread_list=0x000001cb1fe1a1a0, length=19, elements={
0x000001cb7d3ae430, 0x000001cb1a1339c0, 0x000001cb1a14d6a0, 0x000001cb1a14df60,
0x000001cb1a14efc0, 0x000001cb1a153cc0, 0x000001cb1a155100, 0x000001cb1a15c0e0,
0x000001cb1a16d1a0, 0x000001cb1aca5de0, 0x000001cb1aca6d50, 0x000001cb1ae86780,
0x000001cb1aed78f0, 0x000001cb1aeda880, 0x000001cb1f921fd0, 0x000001cb7d2c9df0,
0x000001cb1f9841a0, 0x000001cb1fa88790, 0x000001cb1ad50d60
}

Java Threads: ( => current thread )
  0x000001cb7d3ae430 JavaThread "Reference Handler" daemon [_thread_blocked, id=23712, stack(0x000000566fb00000,0x000000566fc00000)]
  0x000001cb1a1339c0 JavaThread "Finalizer" daemon [_thread_blocked, id=9316, stack(0x000000566fc00000,0x000000566fd00000)]
  0x000001cb1a14d6a0 JavaThread "Signal Dispatcher" daemon [_thread_blocked, id=10540, stack(0x000000566fd00000,0x000000566fe00000)]
  0x000001cb1a14df60 JavaThread "Attach Listener" daemon [_thread_blocked, id=1436, stack(0x000000566fe00000,0x000000566ff00000)]
  0x000001cb1a14efc0 JavaThread "Service Thread" daemon [_thread_blocked, id=14360, stack(0x000000566ff00000,0x0000005670000000)]
  0x000001cb1a153cc0 JavaThread "Monitor Deflation Thread" daemon [_thread_blocked, id=22092, stack(0x0000005670000000,0x0000005670100000)]
=>0x000001cb1a155100 JavaThread "C2 CompilerThread0" daemon [_thread_in_native, id=15832, stack(0x0000005670100000,0x0000005670200000)]
  0x000001cb1a15c0e0 JavaThread "C1 CompilerThread0" daemon [_thread_blocked, id=14496, stack(0x0000005670200000,0x0000005670300000)]
  0x000001cb1a16d1a0 JavaThread "Sweeper thread" daemon [_thread_blocked, id=14076, stack(0x0000005670300000,0x0000005670400000)]
  0x000001cb1aca5de0 JavaThread "Notification Thread" daemon [_thread_blocked, id=5908, stack(0x0000005670400000,0x0000005670500000)]
  0x000001cb1aca6d50 JavaThread "Common-Cleaner" daemon [_thread_blocked, id=14732, stack(0x0000005670600000,0x0000005670700000)]
  0x000001cb1ae86780 JavaThread "Java2D Disposer" daemon [_thread_blocked, id=4616, stack(0x0000005670700000,0x0000005670800000)]
  0x000001cb1aed78f0 JavaThread "AWT-Shutdown" [_thread_blocked, id=16900, stack(0x0000005670800000,0x0000005670900000)]
  0x000001cb1aeda880 JavaThread "AWT-Windows" daemon [_thread_in_Java, id=22648, stack(0x0000005670900000,0x0000005670a00000)]
  0x000001cb1f921fd0 JavaThread "AWT-EventQueue-0" [_thread_blocked, id=24716, stack(0x0000005671300000,0x0000005671400000)]
  0x000001cb7d2c9df0 JavaThread "DestroyJavaVM" [_thread_blocked, id=19852, stack(0x000000566f400000,0x000000566f500000)]
  0x000001cb1f9841a0 JavaThread "D3D Screen Updater" daemon [_thread_blocked, id=18380, stack(0x0000005671500000,0x0000005671600000)]
  0x000001cb1fa88790 JavaThread "TimerQueue" daemon [_thread_blocked, id=8204, stack(0x0000005671600000,0x0000005671700000)]
  0x000001cb1ad50d60 JavaThread "mysql-cj-abandoned-connection-cleanup" daemon [_thread_blocked, id=14584, stack(0x0000005671200000,0x0000005671300000)]

Other Threads:
  0x000001cb7d3aa190 VMThread "VM Thread" [stack: 0x000000566fa00000,0x000000566fb00000] [id=19704]
  0x000001cb1aca6ac0 WatcherThread [stack: 0x0000005670500000,0x0000005670600000] [id=15080]
  0x000001cb7d3023f0 GCTaskThread "GC Thread#0" [stack: 0x000000566f500000,0x000000566f600000] [id=11296]
  0x000001cb233427d0 GCTaskThread "GC Thread#1" [stack: 0x000000566f200000,0x000000566f300000] [id=8832]
  0x000001cb23342a80 GCTaskThread "GC Thread#2" [stack: 0x000000566f300000,0x000000566f400000] [id=7504]
  0x000001cb1f970f60 GCTaskThread "GC Thread#3" [stack: 0x0000005670a00000,0x0000005670b00000] [id=18004]
  0x000001cb1f971210 GCTaskThread "GC Thread#4" [stack: 0x0000005670b00000,0x0000005670c00000] [id=25028]
  0x000001cb1f9714c0 GCTaskThread "GC Thread#5" [stack: 0x0000005671400000,0x0000005671500000] [id=19892]
  0x000001cb1add08f0 GCTaskThread "GC Thread#6" [stack: 0x0000005671900000,0x0000005671a00000] [id=23872]
  0x000001cb1fc166f0 GCTaskThread "GC Thread#7" [stack: 0x0000005671a00000,0x0000005671b00000] [id=1572]
  0x000001cb7d311880 ConcurrentGCThread "G1 Main Marker" [stack: 0x000000566f600000,0x000000566f700000] [id=17852]
  0x000001cb7d3121a0 ConcurrentGCThread "G1 Conc#0" [stack: 0x000000566f700000,0x000000566f800000] [id=13808]
  0x000001cb7d38a720 ConcurrentGCThread "G1 Refine#0" [stack: 0x000000566f800000,0x000000566f900000] [id=21244]
  0x000001cb7d38b050 ConcurrentGCThread "G1 Service" [stack: 0x000000566f900000,0x000000566fa00000] [id=11172]

Threads with active compile tasks:
C2 CompilerThread0  11464319 1849       4       java.util.concurrent.ConcurrentHashMap::addCount (280 bytes)

VM state: not at safepoint (normal execution)

VM Mutex/Monitor currently owned by a thread: None

Heap address: 0x00000000a0c00000, size: 1524 MB, Compressed Oops mode: 32-bit

CDS archive(s) mapped at: [0x0000000800000000-0x0000000800bc0000-0x0000000800bc0000), size 12320768, SharedBaseAddress: 0x0000000800000000, ArchiveRelocationMode: 0.
Compressed class space mapped at: 0x0000000800c00000-0x0000000840c00000, reserved size: 1073741824
Narrow klass base: 0x0000000800000000, Narrow klass shift: 0, Narrow klass range: 0x100000000

GC Precious Log:
 CPUs: 8 total, 8 available
 Memory: 6091M
 Large Page Support: Disabled
 NUMA Support: Disabled
 Compressed Oops: Enabled (32-bit)
 Heap Region Size: 1M
 Heap Min Capacity: 8M
 Heap Initial Capacity: 96M
 Heap Max Capacity: 1524M
 Pre-touch: Disabled
 Parallel Workers: 8
 Concurrent Workers: 2
 Concurrent Refinement Workers: 8
 Periodic GC: Disabled

Heap:
 garbage-first heap   total 98304K, used 5141K [0x00000000a0c00000, 0x0000000100000000)
  region size 1024K, 5 young (5120K), 3 survivors (3072K)
 Metaspace       used 12886K, committed 13120K, reserved 1064960K
  class space    used 1414K, committed 1536K, reserved 1048576K

Heap Regions: E=young(eden), S=young(survivor), O=old, HS=humongous(starts), HC=humongous(continues), CS=collection set, F=free, OA=open archive, CA=closed archive, TAMS=top-at-mark-start (previous, next)
|   0|0x00000000a0c00000, 0x00000000a0d00000, 0x00000000a0d00000|100%| O|  |TAMS 0x00000000a0c00000, 0x00000000a0c00000| Untracked 
|   1|0x00000000a0d00000, 0x00000000a0d05600, 0x00000000a0e00000|  2%| O|  |TAMS 0x00000000a0d00000, 0x00000000a0d00000| Untracked 
|   2|0x00000000a0e00000, 0x00000000a0e00000, 0x00000000a0f00000|  0%| F|  |TAMS 0x00000000a0e00000, 0x00000000a0e00000| Untracked 
|   3|0x00000000a0f00000, 0x00000000a0f00000, 0x00000000a1000000|  0%| F|  |TAMS 0x00000000a0f00000, 0x00000000a0f00000| Untracked 
|   4|0x00000000a1000000, 0x00000000a1000000, 0x00000000a1100000|  0%| F|  |TAMS 0x00000000a1000000, 0x00000000a1000000| Untracked 
|   5|0x00000000a1100000, 0x00000000a1100000, 0x00000000a1200000|  0%| F|  |TAMS 0x00000000a1100000, 0x00000000a1100000| Untracked 
|   6|0x00000000a1200000, 0x00000000a1200000, 0x00000000a1300000|  0%| F|  |TAMS 0x00000000a1200000, 0x00000000a1200000| Untracked 
|   7|0x00000000a1300000, 0x00000000a1300000, 0x00000000a1400000|  0%| F|  |TAMS 0x00000000a1300000, 0x00000000a1300000| Untracked 
|   8|0x00000000a1400000, 0x00000000a1400000, 0x00000000a1500000|  0%| F|  |TAMS 0x00000000a1400000, 0x00000000a1400000| Untracked 
|   9|0x00000000a1500000, 0x00000000a1500000, 0x00000000a1600000|  0%| F|  |TAMS 0x00000000a1500000, 0x00000000a1500000| Untracked 
|  10|0x00000000a1600000, 0x00000000a1600000, 0x00000000a1700000|  0%| F|  |TAMS 0x00000000a1600000, 0x00000000a1600000| Untracked 
|  11|0x00000000a1700000, 0x00000000a1700000, 0x00000000a1800000|  0%| F|  |TAMS 0x00000000a1700000, 0x00000000a1700000| Untracked 
|  12|0x00000000a1800000, 0x00000000a1800000, 0x00000000a1900000|  0%| F|  |TAMS 0x00000000a1800000, 0x00000000a1800000| Untracked 
|  13|0x00000000a1900000, 0x00000000a1900000, 0x00000000a1a00000|  0%| F|  |TAMS 0x00000000a1900000, 0x00000000a1900000| Untracked 
|  14|0x00000000a1a00000, 0x00000000a1a00000, 0x00000000a1b00000|  0%| F|  |TAMS 0x00000000a1a00000, 0x00000000a1a00000| Untracked 
|  15|0x00000000a1b00000, 0x00000000a1b00000, 0x00000000a1c00000|  0%| F|  |TAMS 0x00000000a1b00000, 0x00000000a1b00000| Untracked 
|  16|0x00000000a1c00000, 0x00000000a1c00000, 0x00000000a1d00000|  0%| F|  |TAMS 0x00000000a1c00000, 0x00000000a1c00000| Untracked 
|  17|0x00000000a1d00000, 0x00000000a1d00000, 0x00000000a1e00000|  0%| F|  |TAMS 0x00000000a1d00000, 0x00000000a1d00000| Untracked 
|  18|0x00000000a1e00000, 0x00000000a1e00000, 0x00000000a1f00000|  0%| F|  |TAMS 0x00000000a1e00000, 0x00000000a1e00000| Untracked 
|  19|0x00000000a1f00000, 0x00000000a1f00000, 0x00000000a2000000|  0%| F|  |TAMS 0x00000000a1f00000, 0x00000000a1f00000| Untracked 
|  20|0x00000000a2000000, 0x00000000a2000000, 0x00000000a2100000|  0%| F|  |TAMS 0x00000000a2000000, 0x00000000a2000000| Untracked 
|  21|0x00000000a2100000, 0x00000000a2100000, 0x00000000a2200000|  0%| F|  |TAMS 0x00000000a2100000, 0x00000000a2100000| Untracked 
|  22|0x00000000a2200000, 0x00000000a2200000, 0x00000000a2300000|  0%| F|  |TAMS 0x00000000a2200000, 0x00000000a2200000| Untracked 
|  23|0x00000000a2300000, 0x00000000a2300000, 0x00000000a2400000|  0%| F|  |TAMS 0x00000000a2300000, 0x00000000a2300000| Untracked 
|  24|0x00000000a2400000, 0x00000000a2400000, 0x00000000a2500000|  0%| F|  |TAMS 0x00000000a2400000, 0x00000000a2400000| Untracked 
|  25|0x00000000a2500000, 0x00000000a2500000, 0x00000000a2600000|  0%| F|  |TAMS 0x00000000a2500000, 0x00000000a2500000| Untracked 
|  26|0x00000000a2600000, 0x00000000a2600000, 0x00000000a2700000|  0%| F|  |TAMS 0x00000000a2600000, 0x00000000a2600000| Untracked 
|  27|0x00000000a2700000, 0x00000000a2700000, 0x00000000a2800000|  0%| F|  |TAMS 0x00000000a2700000, 0x00000000a2700000| Untracked 
|  28|0x00000000a2800000, 0x00000000a2800000, 0x00000000a2900000|  0%| F|  |TAMS 0x00000000a2800000, 0x00000000a2800000| Untracked 
|  29|0x00000000a2900000, 0x00000000a2900000, 0x00000000a2a00000|  0%| F|  |TAMS 0x00000000a2900000, 0x00000000a2900000| Untracked 
|  30|0x00000000a2a00000, 0x00000000a2a00000, 0x00000000a2b00000|  0%| F|  |TAMS 0x00000000a2a00000, 0x00000000a2a00000| Untracked 
|  31|0x00000000a2b00000, 0x00000000a2b00000, 0x00000000a2c00000|  0%| F|  |TAMS 0x00000000a2b00000, 0x00000000a2b00000| Untracked 
|  32|0x00000000a2c00000, 0x00000000a2c00000, 0x00000000a2d00000|  0%| F|  |TAMS 0x00000000a2c00000, 0x00000000a2c00000| Untracked 
|  33|0x00000000a2d00000, 0x00000000a2d00000, 0x00000000a2e00000|  0%| F|  |TAMS 0x00000000a2d00000, 0x00000000a2d00000| Untracked 
|  34|0x00000000a2e00000, 0x00000000a2e00000, 0x00000000a2f00000|  0%| F|  |TAMS 0x00000000a2e00000, 0x00000000a2e00000| Untracked 
|  35|0x00000000a2f00000, 0x00000000a2f00000, 0x00000000a3000000|  0%| F|  |TAMS 0x00000000a2f00000, 0x00000000a2f00000| Untracked 
|  36|0x00000000a3000000, 0x00000000a3000000, 0x00000000a3100000|  0%| F|  |TAMS 0x00000000a3000000, 0x00000000a3000000| Untracked 
|  37|0x00000000a3100000, 0x00000000a3100000, 0x00000000a3200000|  0%| F|  |TAMS 0x00000000a3100000, 0x00000000a3100000| Untracked 
|  38|0x00000000a3200000, 0x00000000a3200000, 0x00000000a3300000|  0%| F|  |TAMS 0x00000000a3200000, 0x00000000a3200000| Untracked 
|  39|0x00000000a3300000, 0x00000000a3300000, 0x00000000a3400000|  0%| F|  |TAMS 0x00000000a3300000, 0x00000000a3300000| Untracked 
|  40|0x00000000a3400000, 0x00000000a3400000, 0x00000000a3500000|  0%| F|  |TAMS 0x00000000a3400000, 0x00000000a3400000| Untracked 
|  41|0x00000000a3500000, 0x00000000a3500000, 0x00000000a3600000|  0%| F|  |TAMS 0x00000000a3500000, 0x00000000a3500000| Untracked 
|  42|0x00000000a3600000, 0x00000000a3600000, 0x00000000a3700000|  0%| F|  |TAMS 0x00000000a3600000, 0x00000000a3600000| Untracked 
|  43|0x00000000a3700000, 0x00000000a3700000, 0x00000000a3800000|  0%| F|  |TAMS 0x00000000a3700000, 0x00000000a3700000| Untracked 
|  44|0x00000000a3800000, 0x00000000a3800000, 0x00000000a3900000|  0%| F|  |TAMS 0x00000000a3800000, 0x00000000a3800000| Untracked 
|  45|0x00000000a3900000, 0x00000000a3900000, 0x00000000a3a00000|  0%| F|  |TAMS 0x00000000a3900000, 0x00000000a3900000| Untracked 
|  46|0x00000000a3a00000, 0x00000000a3a00000, 0x00000000a3b00000|  0%| F|  |TAMS 0x00000000a3a00000, 0x00000000a3a00000| Untracked 
|  47|0x00000000a3b00000, 0x00000000a3b00000, 0x00000000a3c00000|  0%| F|  |TAMS 0x00000000a3b00000, 0x00000000a3b00000| Untracked 
|  48|0x00000000a3c00000, 0x00000000a3c00000, 0x00000000a3d00000|  0%| F|  |TAMS 0x00000000a3c00000, 0x00000000a3c00000| Untracked 
|  49|0x00000000a3d00000, 0x00000000a3d00000, 0x00000000a3e00000|  0%| F|  |TAMS 0x00000000a3d00000, 0x00000000a3d00000| Untracked 
|  50|0x00000000a3e00000, 0x00000000a3e00000, 0x00000000a3f00000|  0%| F|  |TAMS 0x00000000a3e00000, 0x00000000a3e00000| Untracked 
|  51|0x00000000a3f00000, 0x00000000a3f00000, 0x00000000a4000000|  0%| F|  |TAMS 0x00000000a3f00000, 0x00000000a3f00000| Untracked 
|  52|0x00000000a4000000, 0x00000000a4000000, 0x00000000a4100000|  0%| F|  |TAMS 0x00000000a4000000, 0x00000000a4000000| Untracked 
|  53|0x00000000a4100000, 0x00000000a4100000, 0x00000000a4200000|  0%| F|  |TAMS 0x00000000a4100000, 0x00000000a4100000| Untracked 
|  54|0x00000000a4200000, 0x00000000a4200000, 0x00000000a4300000|  0%| F|  |TAMS 0x00000000a4200000, 0x00000000a4200000| Untracked 
|  55|0x00000000a4300000, 0x00000000a4300000, 0x00000000a4400000|  0%| F|  |TAMS 0x00000000a4300000, 0x00000000a4300000| Untracked 
|  56|0x00000000a4400000, 0x00000000a4400000, 0x00000000a4500000|  0%| F|  |TAMS 0x00000000a4400000, 0x00000000a4400000| Untracked 
|  57|0x00000000a4500000, 0x00000000a4500000, 0x00000000a4600000|  0%| F|  |TAMS 0x00000000a4500000, 0x00000000a4500000| Untracked 
|  58|0x00000000a4600000, 0x00000000a4600000, 0x00000000a4700000|  0%| F|  |TAMS 0x00000000a4600000, 0x00000000a4600000| Untracked 
|  59|0x00000000a4700000, 0x00000000a4700000, 0x00000000a4800000|  0%| F|  |TAMS 0x00000000a4700000, 0x00000000a4700000| Untracked 
|  60|0x00000000a4800000, 0x00000000a4800000, 0x00000000a4900000|  0%| F|  |TAMS 0x00000000a4800000, 0x00000000a4800000| Untracked 
|  61|0x00000000a4900000, 0x00000000a4900000, 0x00000000a4a00000|  0%| F|  |TAMS 0x00000000a4900000, 0x00000000a4900000| Untracked 
|  62|0x00000000a4a00000, 0x00000000a4a00000, 0x00000000a4b00000|  0%| F|  |TAMS 0x00000000a4a00000, 0x00000000a4a00000| Untracked 
|  63|0x00000000a4b00000, 0x00000000a4b00000, 0x00000000a4c00000|  0%| F|  |TAMS 0x00000000a4b00000, 0x00000000a4b00000| Untracked 
|  64|0x00000000a4c00000, 0x00000000a4c00000, 0x00000000a4d00000|  0%| F|  |TAMS 0x00000000a4c00000, 0x00000000a4c00000| Untracked 
|  65|0x00000000a4d00000, 0x00000000a4d00000, 0x00000000a4e00000|  0%| F|  |TAMS 0x00000000a4d00000, 0x00000000a4d00000| Untracked 
|  66|0x00000000a4e00000, 0x00000000a4e00000, 0x00000000a4f00000|  0%| F|  |TAMS 0x00000000a4e00000, 0x00000000a4e00000| Untracked 
|  67|0x00000000a4f00000, 0x00000000a4f00000, 0x00000000a5000000|  0%| F|  |TAMS 0x00000000a4f00000, 0x00000000a4f00000| Untracked 
|  68|0x00000000a5000000, 0x00000000a5000000, 0x00000000a5100000|  0%| F|  |TAMS 0x00000000a5000000, 0x00000000a5000000| Untracked 
|  69|0x00000000a5100000, 0x00000000a5100000, 0x00000000a5200000|  0%| F|  |TAMS 0x00000000a5100000, 0x00000000a5100000| Untracked 
|  70|0x00000000a5200000, 0x00000000a5300000, 0x00000000a5300000|100%| S|CS|TAMS 0x00000000a5200000, 0x00000000a5200000| Complete 
|  71|0x00000000a5300000, 0x00000000a5400000, 0x00000000a5400000|100%| S|CS|TAMS 0x00000000a5300000, 0x00000000a5300000| Complete 
|  72|0x00000000a5400000, 0x00000000a5500000, 0x00000000a5500000|100%| S|CS|TAMS 0x00000000a5400000, 0x00000000a5400000| Complete 
|  73|0x00000000a5500000, 0x00000000a5500000, 0x00000000a5600000|  0%| F|  |TAMS 0x00000000a5500000, 0x00000000a5500000| Untracked 
|  74|0x00000000a5600000, 0x00000000a5600000, 0x00000000a5700000|  0%| F|  |TAMS 0x00000000a5600000, 0x00000000a5600000| Untracked 
|  75|0x00000000a5700000, 0x00000000a5700000, 0x00000000a5800000|  0%| F|  |TAMS 0x00000000a5700000, 0x00000000a5700000| Untracked 
|  76|0x00000000a5800000, 0x00000000a5800000, 0x00000000a5900000|  0%| F|  |TAMS 0x00000000a5800000, 0x00000000a5800000| Untracked 
|  77|0x00000000a5900000, 0x00000000a5900000, 0x00000000a5a00000|  0%| F|  |TAMS 0x00000000a5900000, 0x00000000a5900000| Untracked 
|  78|0x00000000a5a00000, 0x00000000a5a00000, 0x00000000a5b00000|  0%| F|  |TAMS 0x00000000a5a00000, 0x00000000a5a00000| Untracked 
|  79|0x00000000a5b00000, 0x00000000a5b00000, 0x00000000a5c00000|  0%| F|  |TAMS 0x00000000a5b00000, 0x00000000a5b00000| Untracked 
|  80|0x00000000a5c00000, 0x00000000a5c00000, 0x00000000a5d00000|  0%| F|  |TAMS 0x00000000a5c00000, 0x00000000a5c00000| Untracked 
|  81|0x00000000a5d00000, 0x00000000a5d00000, 0x00000000a5e00000|  0%| F|  |TAMS 0x00000000a5d00000, 0x00000000a5d00000| Untracked 
|  82|0x00000000a5e00000, 0x00000000a5e00000, 0x00000000a5f00000|  0%| F|  |TAMS 0x00000000a5e00000, 0x00000000a5e00000| Untracked 
|  83|0x00000000a5f00000, 0x00000000a5f00000, 0x00000000a6000000|  0%| F|  |TAMS 0x00000000a5f00000, 0x00000000a5f00000| Untracked 
|  84|0x00000000a6000000, 0x00000000a6000000, 0x00000000a6100000|  0%| F|  |TAMS 0x00000000a6000000, 0x00000000a6000000| Untracked 
|  85|0x00000000a6100000, 0x00000000a6100000, 0x00000000a6200000|  0%| F|  |TAMS 0x00000000a6100000, 0x00000000a6100000| Untracked 
|  86|0x00000000a6200000, 0x00000000a6200000, 0x00000000a6300000|  0%| F|  |TAMS 0x00000000a6200000, 0x00000000a6200000| Untracked 
|  87|0x00000000a6300000, 0x00000000a6300000, 0x00000000a6400000|  0%| F|  |TAMS 0x00000000a6300000, 0x00000000a6300000| Untracked 
|  88|0x00000000a6400000, 0x00000000a6400000, 0x00000000a6500000|  0%| F|  |TAMS 0x00000000a6400000, 0x00000000a6400000| Untracked 
|  89|0x00000000a6500000, 0x00000000a6500000, 0x00000000a6600000|  0%| F|  |TAMS 0x00000000a6500000, 0x00000000a6500000| Untracked 
|  90|0x00000000a6600000, 0x00000000a6600000, 0x00000000a6700000|  0%| F|  |TAMS 0x00000000a6600000, 0x00000000a6600000| Untracked 
|  91|0x00000000a6700000, 0x00000000a6700000, 0x00000000a6800000|  0%| F|  |TAMS 0x00000000a6700000, 0x00000000a6700000| Untracked 
|  92|0x00000000a6800000, 0x00000000a6800000, 0x00000000a6900000|  0%| F|  |TAMS 0x00000000a6800000, 0x00000000a6800000| Untracked 
|  93|0x00000000a6900000, 0x00000000a6900000, 0x00000000a6a00000|  0%| F|  |TAMS 0x00000000a6900000, 0x00000000a6900000| Untracked 
|  94|0x00000000a6a00000, 0x00000000a6add7b0, 0x00000000a6b00000| 86%| E|  |TAMS 0x00000000a6a00000, 0x00000000a6a00000| Complete 
|  95|0x00000000a6b00000, 0x00000000a6c00000, 0x00000000a6c00000|100%| E|CS|TAMS 0x00000000a6b00000, 0x00000000a6b00000| Complete 

Card table byte_map: [0x000001cb7d9f0000,0x000001cb7dcf0000] _byte_map_base: 0x000001cb7d4ea000

Marking Bits (Prev, Next): (CMBitMap*) 0x000001cb7d304930, (CMBitMap*) 0x000001cb7d304970
 Prev Bits: [0x000001cb7dff0000, 0x000001cb7f7c0000)
 Next Bits: [0x000001cb16730000, 0x000001cb17f00000)

Polling page: 0x000001cb7b1c0000

Metaspace:

Usage:
  Non-class:     11.20 MB used.
      Class:      1.38 MB used.
       Both:     12.58 MB used.

Virtual space:
  Non-class space:       16.00 MB reserved,      11.31 MB ( 71%) committed,  2 nodes.
      Class space:        1.00 GB reserved,       1.50 MB ( <1%) committed,  1 nodes.
             Both:        1.02 GB reserved,      12.81 MB (  1%) committed. 

Chunk freelists:
   Non-Class:  32.00 KB
       Class:  2.42 MB
        Both:  2.45 MB

MaxMetaspaceSize: unlimited
CompressedClassSpaceSize: 1.00 GB
Initial GC threshold: 21.00 MB
Current GC threshold: 21.00 MB
CDS: on
MetaspaceReclaimPolicy: balanced
 - commit_granule_bytes: 65536.
 - commit_granule_words: 8192.
 - virtual_space_node_default_size: 1048576.
 - enlarge_chunks_in_place: 1.
 - new_chunks_are_fully_committed: 0.
 - uncommit_free_chunks: 1.
 - use_allocation_guard: 0.
 - handle_deallocations: 1.


Internal statistics:

num_allocs_failed_limit: 0.
num_arena_births: 138.
num_arena_deaths: 0.
num_vsnodes_births: 3.
num_vsnodes_deaths: 0.
num_space_committed: 205.
num_space_uncommitted: 0.
num_chunks_returned_to_freelist: 0.
num_chunks_taken_from_freelist: 281.
num_chunk_merges: 0.
num_chunk_splits: 195.
num_chunks_enlarged: 139.
num_purges: 0.
num_inconsistent_stats: 0.

CodeHeap 'non-profiled nmethods': size=120000Kb used=621Kb max_used=621Kb free=119378Kb
 bounds [0x000001cb0f200000, 0x000001cb0f470000, 0x000001cb16730000]
CodeHeap 'profiled nmethods': size=120000Kb used=3459Kb max_used=3459Kb free=116540Kb
 bounds [0x000001cb07cd0000, 0x000001cb08040000, 0x000001cb0f200000]
CodeHeap 'non-nmethods': size=5760Kb used=1322Kb max_used=1352Kb free=4437Kb
 bounds [0x000001cb07730000, 0x000001cb079a0000, 0x000001cb07cd0000]
 total_blobs=2513 nmethods=1848 adapters=578
 compilation: enabled
              stopped_count=0, restarted_count=0
 full_count=0

Compilation events (20 events):
Event: 9829.007 Thread 0x000001cb1a15c0e0 nmethod 1838 0x000001cb0802cb10 code [0x000001cb0802cca0, 0x000001cb0802cdc8]
Event: 9833.132 Thread 0x000001cb1a155100 1840       4       jdk.internal.loader.BuiltinClassLoader::findResourceOnClassPath (41 bytes)
Event: 9833.203 Thread 0x000001cb1a155100 nmethod 1840 0x000001cb0f290310 code [0x000001cb0f2906c0, 0x000001cb0f2938e8]
Event: 10043.505 Thread 0x000001cb1a15c0e0 1842   !   3       jdk.internal.loader.BuiltinClassLoader::findMiscResource (122 bytes)
Event: 10043.509 Thread 0x000001cb1a15c0e0 nmethod 1842 0x000001cb0802ce90 code [0x000001cb0802d140, 0x000001cb0802e3a8]
Event: 10043.509 Thread 0x000001cb1a15c0e0 1841   !   3       jdk.internal.loader.BuiltinClassLoader::findResource (154 bytes)
Event: 10043.511 Thread 0x000001cb1a15c0e0 nmethod 1841 0x000001cb0802e890 code [0x000001cb0802ec00, 0x000001cb080300a8]
Event: 10048.519 Thread 0x000001cb1a15c0e0 1843       3       java.lang.ref.SoftReference::get (29 bytes)
Event: 10048.519 Thread 0x000001cb1a15c0e0 nmethod 1843 0x000001cb08030890 code [0x000001cb08030a20, 0x000001cb08030bf8]
Event: 11010.060 Thread 0x000001cb1a155100 1844       4       java.lang.ref.ReferenceQueue::reallyPoll (65 bytes)
Event: 11010.066 Thread 0x000001cb1a155100 nmethod 1844 0x000001cb0f295b90 code [0x000001cb0f295d20, 0x000001cb0f295ff8]
Event: 11145.323 Thread 0x000001cb1a155100 1845   !   4       java.net.URL::<init> (543 bytes)
Event: 11145.376 Thread 0x000001cb1a155100 nmethod 1845 0x000001cb0f296090 code [0x000001cb0f296360, 0x000001cb0f2982e8]
Event: 11150.337 Thread 0x000001cb1a155100 1846       4       sun.net.util.IPAddressUtil::checkHostString (53 bytes)
Event: 11150.338 Thread 0x000001cb1a155100 nmethod 1846 0x000001cb0f299710 code [0x000001cb0f299880, 0x000001cb0f299918]
Event: 11155.354 Thread 0x000001cb1a155100 1847       4       java.net.URLStreamHandler::setURL (73 bytes)
Event: 11155.376 Thread 0x000001cb1a155100 nmethod 1847 0x000001cb0f299a90 code [0x000001cb0f299c40, 0x000001cb0f29a7a8]
Event: 11155.376 Thread 0x000001cb1a155100 1848   !   4       java.net.URL::set (114 bytes)
Event: 11155.381 Thread 0x000001cb1a155100 nmethod 1848 0x000001cb0f29ac10 code [0x000001cb0f29ad80, 0x000001cb0f29b638]
Event: 11464.246 Thread 0x000001cb1a155100 1849       4       java.util.concurrent.ConcurrentHashMap::addCount (280 bytes)

GC Heap History (2 events):
Event: 9828.967 GC heap before
{Heap before GC invocations=0 (full 0):
 garbage-first heap   total 98304K, used 23552K [0x00000000a0c00000, 0x0000000100000000)
  region size 1024K, 23 young (23552K), 0 survivors (0K)
 Metaspace       used 12883K, committed 13120K, reserved 1064960K
  class space    used 1414K, committed 1536K, reserved 1048576K
}
Event: 9829.003 GC heap after
{Heap after GC invocations=1 (full 0):
 garbage-first heap   total 98304K, used 4117K [0x00000000a0c00000, 0x0000000100000000)
  region size 1024K, 3 young (3072K), 3 survivors (3072K)
 Metaspace       used 12883K, committed 13120K, reserved 1064960K
  class space    used 1414K, committed 1536K, reserved 1048576K
}

Deoptimization events (20 events):
Event: 437.937 Thread 0x000001cb1f9841a0 DEOPT PACKING pc=0x000001cb0f27f4e4 sp=0x00000056715feef0
Event: 437.937 Thread 0x000001cb1f9841a0 DEOPT UNPACKING pc=0x000001cb077823a3 sp=0x00000056715fee80 mode 2
Event: 546.907 Thread 0x000001cb1f9841a0 Uncommon trap: trap_request=0xffffffdc fr.pc=0x000001cb0f280544 relative=0x00000000000001a4
Event: 546.907 Thread 0x000001cb1f9841a0 Uncommon trap: reason=class_check action=make_not_entrant pc=0x000001cb0f280544 method=java.util.ArrayList.toArray([Ljava/lang/Object;)[Ljava/lang/Object; @ 21 c2
Event: 546.907 Thread 0x000001cb1f9841a0 DEOPT PACKING pc=0x000001cb0f280544 sp=0x00000056715fef50
Event: 546.907 Thread 0x000001cb1f9841a0 DEOPT UNPACKING pc=0x000001cb077823a3 sp=0x00000056715fef10 mode 2
Event: 5965.606 Thread 0x000001cb1f9841a0 DEOPT PACKING pc=0x000001cb0802659b sp=0x00000056715fef10
Event: 5965.608 Thread 0x000001cb1f9841a0 DEOPT UNPACKING pc=0x000001cb07782b43 sp=0x00000056715fe4a0 mode 0
Event: 9833.131 Thread 0x000001cb1ad50d60 Uncommon trap: trap_request=0xffffff45 fr.pc=0x000001cb0f28adb8 relative=0x00000000000029f8
Event: 9833.131 Thread 0x000001cb1ad50d60 Uncommon trap: reason=unstable_if action=reinterpret pc=0x000001cb0f28adb8 method=java.lang.ref.SoftReference.get()Ljava/lang/Object; @ 17 c2
Event: 9833.132 Thread 0x000001cb1ad50d60 DEOPT PACKING pc=0x000001cb0f28adb8 sp=0x00000056712ff1b0
Event: 9833.132 Thread 0x000001cb1ad50d60 DEOPT UNPACKING pc=0x000001cb077823a3 sp=0x00000056712ff0e0 mode 2
Event: 9833.132 Thread 0x000001cb1ad50d60 Uncommon trap: trap_request=0xffffff45 fr.pc=0x000001cb0f28774c relative=0x000000000000060c
Event: 9833.132 Thread 0x000001cb1ad50d60 Uncommon trap: reason=unstable_if action=reinterpret pc=0x000001cb0f28774c method=java.lang.ref.SoftReference.get()Ljava/lang/Object; @ 17 c2
Event: 9833.132 Thread 0x000001cb1ad50d60 DEOPT PACKING pc=0x000001cb0f28774c sp=0x00000056712ff160
Event: 9833.132 Thread 0x000001cb1ad50d60 DEOPT UNPACKING pc=0x000001cb077823a3 sp=0x00000056712ff0c8 mode 2
Event: 9833.132 Thread 0x000001cb1ad50d60 Uncommon trap: trap_request=0xffffff45 fr.pc=0x000001cb0f27e8d8 relative=0x00000000000000d8
Event: 9833.132 Thread 0x000001cb1ad50d60 Uncommon trap: reason=unstable_if action=reinterpret pc=0x000001cb0f27e8d8 method=java.lang.ref.SoftReference.get()Ljava/lang/Object; @ 17 c2
Event: 9833.132 Thread 0x000001cb1ad50d60 DEOPT PACKING pc=0x000001cb0f27e8d8 sp=0x00000056712ff180
Event: 9833.132 Thread 0x000001cb1ad50d60 DEOPT UNPACKING pc=0x000001cb077823a3 sp=0x00000056712ff138 mode 2

Classes unloaded (0 events):
No events

Classes redefined (0 events):
No events

Internal exceptions (17 events):
Event: 0.124 Thread 0x000001cb7d2c9df0 Exception <a 'java/lang/ClassNotFoundException'{0x00000000a6a81490}: sun/awt/resources/spi/awtProvider> (0x00000000a6a81490) 
thrown [t:\workspace\open\src\hotspot\share\classfile\systemDictionary.cpp, line 256]
Event: 0.158 Thread 0x000001cb7d2c9df0 Exception <a 'java/io/FileNotFoundException'{0x00000000a6ad9f40}> (0x00000000a6ad9f40) 
thrown [t:\workspace\open\src\hotspot\share\prims\jni.cpp, line 516]
Event: 0.168 Thread 0x000001cb7d2c9df0 Exception <a 'java/io/FileNotFoundException'{0x00000000a6907568}> (0x00000000a6907568) 
thrown [t:\workspace\open\src\hotspot\share\prims\jni.cpp, line 516]
Event: 0.219 Thread 0x000001cb7d2c9df0 Exception <a 'java/lang/NoSuchMethodError'{0x00000000a6955fb0}: 'java.lang.Object java.lang.invoke.DirectMethodHandle$Holder.invokeStaticInit(java.lang.Object)'> (0x00000000a6955fb0) 
thrown [t:\workspace\open\src\hotspot\share\interpreter\linkResolver.cpp, line 766]
Event: 0.305 Thread 0x000001cb7d2c9df0 Exception <a 'java/lang/NoSuchMethodError'{0x00000000a6816e10}: 'void java.lang.invoke.DirectMethodHandle$Holder.invokeSpecial(java.lang.Object, java.lang.Object, java.lang.Object)'> (0x00000000a6816e10) 
thrown [t:\workspace\open\src\hotspot\share\interpreter\linkResolver.cpp, line 766]
Event: 0.314 Thread 0x000001cb7d2c9df0 Exception <a 'java/lang/NoSuchMethodError'{0x00000000a6840f78}: 'java.lang.Object java.lang.invoke.DirectMethodHandle$Holder.newInvokeSpecial(java.lang.Object, java.lang.Object, java.lang.Object, java.lang.Object, java.lang.Object)'> (0x00000000a6840f78) 
thrown [t:\workspace\open\src\hotspot\share\interpreter\linkResolver.cpp, line 766]
Event: 0.315 Thread 0x000001cb7d2c9df0 Exception <a 'java/lang/NoSuchMethodError'{0x00000000a684c940}: 'java.lang.Object java.lang.invoke.DirectMethodHandle$Holder.invokeStatic(java.lang.Object, int, java.lang.Object, java.lang.Object, java.lang.Object, java.lang.Object)'> (0x00000000a684c940) 
thrown [t:\workspace\open\src\hotspot\share\interpreter\linkResolver.cpp, line 766]
Event: 0.322 Thread 0x000001cb7d2c9df0 Exception <a 'java/lang/NoSuchMethodError'{0x00000000a6872100}: 'java.lang.Object java.lang.invoke.DirectMethodHandle$Holder.invokeStatic(java.lang.Object, int, java.lang.Object)'> (0x00000000a6872100) 
thrown [t:\workspace\open\src\hotspot\share\interpreter\linkResolver.cpp, line 766]
Event: 0.355 Thread 0x000001cb7d2c9df0 Exception <a 'java/lang/ClassNotFoundException'{0x00000000a672a9f0}: com/sun/swing/internal/plaf/metal/resources/spi/metalProvider> (0x00000000a672a9f0) 
thrown [t:\workspace\open\src\hotspot\share\classfile\systemDictionary.cpp, line 256]
Event: 0.356 Thread 0x000001cb7d2c9df0 Exception <a 'java/lang/ClassNotFoundException'{0x00000000a672e878}: com/sun/swing/internal/plaf/basic/resources/spi/basicProvider> (0x00000000a672e878) 
thrown [t:\workspace\open\src\hotspot\share\classfile\systemDictionary.cpp, line 256]
Event: 0.375 Thread 0x000001cb1f8c8800 Exception <a 'java/lang/NoSuchMethodError'{0x00000000a6787970}: 'java.lang.Object java.lang.invoke.DirectMethodHandle$Holder.newInvokeSpecial(java.lang.Object, java.lang.Object, java.lang.Object, int, int, int, int, int)'> (0x00000000a6787970) 
thrown [t:\workspace\open\src\hotspot\share\interpreter\linkResolver.cpp, line 766]
Event: 0.448 Thread 0x000001cb7d2c9df0 Exception <a 'java/lang/NoSuchMethodError'{0x00000000a66256c8}: 'void java.lang.invoke.DirectMethodHandle$Holder.invokeStaticInit(java.lang.Object)'> (0x00000000a66256c8) 
thrown [t:\workspace\open\src\hotspot\share\interpreter\linkResolver.cpp, line 766]
Event: 0.529 Thread 0x000001cb1aeda880 Exception <a 'java/lang/NoSuchMethodError'{0x00000000a6986a08}: 'void java.lang.invoke.DirectMethodHandle$Holder.invokeVirtual(java.lang.Object, java.lang.Object)'> (0x00000000a6986a08) 
thrown [t:\workspace\open\src\hotspot\share\interpreter\linkResolver.cpp, line 766]
Event: 6.700 Thread 0x000001cb1f921fd0 Exception <a 'java/lang/NoSuchMethodError'{0x00000000a6384d10}: 'java.lang.Object java.lang.invoke.DirectMethodHandle$Holder.invokeInterface(java.lang.Object, java.lang.Object)'> (0x00000000a6384d10) 
thrown [t:\workspace\open\src\hotspot\share\interpreter\linkResolver.cpp, line 766]
Event: 6.725 Thread 0x000001cb1f921fd0 Exception <a 'java/lang/NoSuchMethodError'{0x00000000a6204488}: 'void java.lang.invoke.DirectMethodHandle$Holder.invokeStatic(java.lang.Object, java.lang.Object, java.lang.Object)'> (0x00000000a6204488) 
thrown [t:\workspace\open\src\hotspot\share\interpreter\linkResolver.cpp, line 766]
Event: 6.727 Thread 0x000001cb1f921fd0 Exception <a 'java/lang/NoSuchMethodError'{0x00000000a620e9a0}: 'java.lang.Object java.lang.invoke.DirectMethodHandle$Holder.invokeVirtual(java.lang.Object, java.lang.Object, java.lang.Object)'> (0x00000000a620e9a0) 
thrown [t:\workspace\open\src\hotspot\share\interpreter\linkResolver.cpp, line 766]
Event: 6.823 Thread 0x000001cb1f921fd0 Exception <a 'java/lang/NoSuchMethodError'{0x00000000a5f36ac8}: 'void java.lang.invoke.DirectMethodHandle$Holder.invokeStatic(java.lang.Object, java.lang.Object)'> (0x00000000a5f36ac8) 
thrown [t:\workspace\open\src\hotspot\share\interpreter\linkResolver.cpp, line 766]

VM Operations (20 events):
Event: 15.987 Executing VM operation: Cleanup
Event: 15.987 Executing VM operation: Cleanup done
Event: 17.991 Executing VM operation: Cleanup
Event: 17.991 Executing VM operation: Cleanup done
Event: 20.007 Executing VM operation: Cleanup
Event: 20.007 Executing VM operation: Cleanup done
Event: 572.314 Executing VM operation: Cleanup
Event: 572.314 Executing VM operation: Cleanup done
Event: 632.869 Executing VM operation: Cleanup
Event: 632.870 Executing VM operation: Cleanup done
Event: 1058.454 Executing VM operation: Cleanup
Event: 1058.454 Executing VM operation: Cleanup done
Event: 1253.856 Executing VM operation: Cleanup
Event: 1253.856 Executing VM operation: Cleanup done
Event: 9828.965 Executing VM operation: G1CollectForAllocation
Event: 9829.003 Executing VM operation: G1CollectForAllocation done
Event: 9830.015 Executing VM operation: Cleanup
Event: 9830.015 Executing VM operation: Cleanup done
Event: 11464.229 Executing VM operation: Cleanup
Event: 11464.249 Executing VM operation: Cleanup done

Events (20 events):
Event: 7.050 loading class sun/swing/ImageCache$Entry
Event: 7.050 loading class sun/swing/ImageCache$Entry done
Event: 7.052 loading class java/awt/GradientPaint
Event: 7.052 loading class java/awt/GradientPaint done
Event: 7.052 loading class sun/java2d/d3d/D3DPaints
Event: 7.052 loading class sun/java2d/d3d/D3DPaints done
Event: 7.052 loading class sun/java2d/d3d/D3DPaints$Gradient
Event: 7.052 loading class sun/java2d/d3d/D3DPaints$Gradient done
Event: 7.052 loading class sun/java2d/d3d/D3DPaints$LinearGradient
Event: 7.052 loading class sun/java2d/d3d/D3DPaints$MultiGradient
Event: 7.052 loading class sun/java2d/d3d/D3DPaints$MultiGradient done
Event: 7.052 loading class sun/java2d/d3d/D3DPaints$LinearGradient done
Event: 7.052 loading class sun/java2d/d3d/D3DPaints$RadialGradient
Event: 7.052 loading class sun/java2d/d3d/D3DPaints$RadialGradient done
Event: 7.052 loading class sun/java2d/d3d/D3DPaints$Texture
Event: 7.052 loading class sun/java2d/d3d/D3DPaints$Texture done
Event: 7.170 Thread 0x000001cb1ae681d0 Thread exited: 0x000001cb1ae681d0
Event: 12.022 Thread 0x000001cb1ad54720 Thread exited: 0x000001cb1ad54720
Event: 20.593 loading class sun/awt/SunToolkit$1
Event: 20.593 loading class sun/awt/SunToolkit$1 done


Dynamic libraries:
0x00007ff62df10000 - 0x00007ff62df20000 	C:\Program Files\Java\jdk-17\bin\javaw.exe
0x00007ffcddc30000 - 0x00007ffcdde28000 	C:\Windows\SYSTEM32\ntdll.dll
0x00007ffcdd500000 - 0x00007ffcdd5bf000 	C:\Windows\System32\KERNEL32.DLL
0x00007ffcdb400000 - 0x00007ffcdb6d2000 	C:\Windows\System32\KERNELBASE.dll
0x00007ffcdb6e0000 - 0x00007ffcdb7e0000 	C:\Windows\System32\ucrtbase.dll
0x00007ffcb56e0000 - 0x00007ffcb56fa000 	C:\Program Files\Java\jdk-17\bin\VCRUNTIME140.dll
0x00007ffcb8fc0000 - 0x00007ffcb8fd8000 	C:\Program Files\Java\jdk-17\bin\jli.dll
0x00007ffcdd7a0000 - 0x00007ffcdd84e000 	C:\Windows\System32\ADVAPI32.dll
0x00007ffcdcd80000 - 0x00007ffcdce1e000 	C:\Windows\System32\msvcrt.dll
0x00007ffcdbee0000 - 0x00007ffcdbf7c000 	C:\Windows\System32\sechost.dll
0x00007ffcdc810000 - 0x00007ffcdc935000 	C:\Windows\System32\RPCRT4.dll
0x00007ffcdbc90000 - 0x00007ffcdbe2d000 	C:\Windows\System32\USER32.dll
0x00007ffcdbaf0000 - 0x00007ffcdbb12000 	C:\Windows\System32\win32u.dll
0x00007ffcda740000 - 0x00007ffcda9da000 	C:\Windows\WinSxS\amd64_microsoft.windows.common-controls_6595b64144ccf1df_6.0.19041.1110_none_60b5254171f9507e\COMCTL32.dll
0x00007ffcdd860000 - 0x00007ffcdd88b000 	C:\Windows\System32\GDI32.dll
0x00007ffcdb7e0000 - 0x00007ffcdb8ef000 	C:\Windows\System32\gdi32full.dll
0x00007ffcdb330000 - 0x00007ffcdb3cd000 	C:\Windows\System32\msvcp_win.dll
0x00007ffcd06e0000 - 0x00007ffcd06ea000 	C:\Windows\SYSTEM32\VERSION.dll
0x00007ffcdd6f0000 - 0x00007ffcdd722000 	C:\Windows\System32\IMM32.DLL
0x00007ffccdbe0000 - 0x00007ffccdbec000 	C:\Program Files\Java\jdk-17\bin\vcruntime140_1.dll
0x00007ffcb2050000 - 0x00007ffcb20dd000 	C:\Program Files\Java\jdk-17\bin\msvcp140.dll
0x00007ffcacee0000 - 0x00007ffcada9e000 	C:\Program Files\Java\jdk-17\bin\server\jvm.dll
0x00007ffcdbc80000 - 0x00007ffcdbc88000 	C:\Windows\System32\PSAPI.DLL
0x00007ffccd370000 - 0x00007ffccd379000 	C:\Windows\SYSTEM32\WSOCK32.dll
0x00007ffcd06b0000 - 0x00007ffcd06d7000 	C:\Windows\SYSTEM32\WINMM.dll
0x00007ffcdd730000 - 0x00007ffcdd79b000 	C:\Windows\System32\WS2_32.dll
0x00007ffcd8400000 - 0x00007ffcd8412000 	C:\Windows\SYSTEM32\kernel.appcore.dll
0x00007ffcccc10000 - 0x00007ffcccc1a000 	C:\Program Files\Java\jdk-17\bin\jimage.dll
0x00007ffcdacc0000 - 0x00007ffcdaea4000 	C:\Windows\SYSTEM32\DBGHELP.DLL
0x00007ffcdac90000 - 0x00007ffcdacbc000 	C:\Windows\SYSTEM32\dbgcore.DLL
0x00007ffcdb940000 - 0x00007ffcdb9c2000 	C:\Windows\System32\bcryptPrimitives.dll
0x00007ffcb56b0000 - 0x00007ffcb56d5000 	C:\Program Files\Java\jdk-17\bin\java.dll
0x00007ffca2a60000 - 0x00007ffca2b36000 	C:\Program Files\Java\jdk-17\bin\svml.dll
0x00007ffcdbfe0000 - 0x00007ffcdc723000 	C:\Windows\System32\SHELL32.dll
0x00007ffcd8700000 - 0x00007ffcd8e92000 	C:\Windows\SYSTEM32\windows.storage.dll
0x00007ffcdd890000 - 0x00007ffcddbe4000 	C:\Windows\System32\combase.dll
0x00007ffcda6a0000 - 0x00007ffcda6d0000 	C:\Windows\SYSTEM32\Wldp.dll
0x00007ffcdce30000 - 0x00007ffcdcedd000 	C:\Windows\System32\SHCORE.dll
0x00007ffcdcd20000 - 0x00007ffcdcd75000 	C:\Windows\System32\shlwapi.dll
0x00007ffcdb270000 - 0x00007ffcdb28f000 	C:\Windows\SYSTEM32\profapi.dll
0x00007ffcacec0000 - 0x00007ffcaced9000 	C:\Program Files\Java\jdk-17\bin\net.dll
0x00007ffccafe0000 - 0x00007ffccb0ec000 	C:\Windows\SYSTEM32\WINHTTP.dll
0x00007ffcda380000 - 0x00007ffcda3ea000 	C:\Windows\system32\mswsock.dll
0x00007ffca2a40000 - 0x00007ffca2a55000 	C:\Program Files\Java\jdk-17\bin\nio.dll
0x00007ffca2a20000 - 0x00007ffca2a38000 	C:\Program Files\Java\jdk-17\bin\zip.dll
0x00007ffcb3030000 - 0x00007ffcb31bf000 	C:\Program Files\Java\jdk-17\bin\awt.dll
0x00007ffcdcee0000 - 0x00007ffcdcfad000 	C:\Windows\System32\OLEAUT32.dll
0x00007ffcd7e20000 - 0x00007ffcd7eb1000 	C:\Windows\SYSTEM32\apphelp.dll
0x00007ffcd81f0000 - 0x00007ffcd821f000 	C:\Windows\system32\DWMAPI.DLL
0x00007ffcd7ff0000 - 0x00007ffcd808e000 	C:\Windows\system32\uxtheme.dll
0x00007ffc97ec0000 - 0x00007ffc97fe5000 	C:\Windows\system32\opengl32.dll
0x00007ffccccb0000 - 0x00007ffccccdc000 	C:\Windows\SYSTEM32\GLU32.dll
0x00007ffcdcba0000 - 0x00007ffcdccb5000 	C:\Windows\System32\MSCTF.dll
0x00007ffcdd5c0000 - 0x00007ffcdd6ea000 	C:\Windows\System32\ole32.dll
0x00007ffc9f210000 - 0x00007ffc9f3df000 	C:\Windows\system32\d3d9.dll
0x00007ffcd06f0000 - 0x00007ffcd08cb000 	C:\Windows\System32\DriverStore\FileRepository\u0365656.inf_amd64_5926d42fa64b989d\B365142\aticfx64.dll
0x00007ffcccfb0000 - 0x00007ffcccfe3000 	C:\Windows\System32\DriverStore\FileRepository\u0365656.inf_amd64_5926d42fa64b989d\B365142\atiu9p64.dll
0x00007ffca33d0000 - 0x00007ffca40e2000 	C:\Windows\System32\DriverStore\FileRepository\u0365656.inf_amd64_5926d42fa64b989d\B365142\atiumd64.dll
0x000000005daa0000 - 0x000000005e95d000 	C:\Windows\System32\DriverStore\FileRepository\u0365656.inf_amd64_5926d42fa64b989d\B365142\atiumd6a.dll
0x00007ffcdb1a0000 - 0x00007ffcdb1eb000 	C:\Windows\SYSTEM32\POWRPROF.dll
0x00007ffcdb0d0000 - 0x00007ffcdb0e2000 	C:\Windows\SYSTEM32\UMPDC.dll
0x00007ffcce280000 - 0x00007ffcce2b0000 	C:\Windows\SYSTEM32\amdihk64.dll
0x00007ffcd17c0000 - 0x00007ffcd17fb000 	C:\Windows\SYSTEM32\dxcore.dll
0x00007ffcdb8f0000 - 0x00007ffcdb93e000 	C:\Windows\System32\cfgmgr32.dll
0x00007ffcc9dd0000 - 0x00007ffcc9e59000 	C:\Program Files\Java\jdk-17\bin\freetype.dll
0x00007ffcbf940000 - 0x00007ffcbf9e8000 	C:\Program Files\Java\jdk-17\bin\fontmanager.dll
0x00007ffcdbe30000 - 0x00007ffcdbedf000 	C:\Windows\System32\clbcatq.dll
0x00007ffcd4a20000 - 0x00007ffcd4bd4000 	C:\Windows\SYSTEM32\WindowsCodecs.dll
0x00007ffcdb3d0000 - 0x00007ffcdb3f7000 	C:\Windows\System32\bcrypt.dll
0x00007ffcc9010000 - 0x00007ffcc904e000 	C:\Windows\system32\dataexchange.dll
0x00007ffcd7320000 - 0x00007ffcd7503000 	C:\Windows\system32\dcomp.dll
0x00007ffcd6690000 - 0x00007ffcd68f3000 	C:\Windows\system32\d3d11.dll
0x00007ffcd9590000 - 0x00007ffcd9683000 	C:\Windows\system32\dxgi.dll
0x00007ffcd4d00000 - 0x00007ffcd4f00000 	C:\Windows\system32\twinapi.appcore.dll
0x00007ffcd2d20000 - 0x00007ffcd2e19000 	C:\Windows\SYSTEM32\textinputframework.dll
0x00007ffcd7510000 - 0x00007ffcd786e000 	C:\Windows\System32\CoreUIComponents.dll
0x00007ffcd7bf0000 - 0x00007ffcd7ce2000 	C:\Windows\System32\CoreMessaging.dll
0x00007ffcdaf30000 - 0x00007ffcdaf63000 	C:\Windows\SYSTEM32\ntmarta.dll
0x00007ffcd6530000 - 0x00007ffcd6684000 	C:\Windows\SYSTEM32\wintypes.dll
0x00007ffcc9390000 - 0x00007ffcc943c000 	C:\Windows\SYSTEM32\TextShaping.dll

dbghelp: loaded successfully - version: 4.0.5 - missing functions: none
symbol engine: initialized successfully - sym options: 0x614 - pdb path: .;C:\Program Files\Java\jdk-17\bin;C:\Windows\SYSTEM32;C:\Windows\WinSxS\amd64_microsoft.windows.common-controls_6595b64144ccf1df_6.0.19041.1110_none_60b5254171f9507e;C:\Program Files\Java\jdk-17\bin\server;C:\Windows\System32\DriverStore\FileRepository\u0365656.inf_amd64_5926d42fa64b989d\B365142

VM Arguments:
jvm_args: -Dfile.encoding=Cp1252 -XX:+ShowCodeDetailsInExceptionMessages 
java_command: grafica.MainGrafico
java_class_path (initial): C:\Users\raoul\eclipse-workspace\SendEmail\target\classes;C:\Users\raoul\Downloads\jdatepicker-1.3.4.jar;C:\Users\raoul\Desktop\progetto\lib\mysql-connector-j-8.0.31.jar;C:\Users\raoul\.m2\repository\com\sun\mail\javax.mail\1.6.2\javax.mail-1.6.2.jar;C:\Users\raoul\.m2\repository\javax\activation\activation\1.1\activation-1.1.jar
Launcher Type: SUN_STANDARD

[Global flags]
     intx CICompilerCount                          = 4                                         {product} {ergonomic}
     uint ConcGCThreads                            = 2                                         {product} {ergonomic}
     uint G1ConcRefinementThreads                  = 8                                         {product} {ergonomic}
   size_t G1HeapRegionSize                         = 1048576                                   {product} {ergonomic}
    uintx GCDrainStackTargetSize                   = 64                                        {product} {ergonomic}
   size_t InitialHeapSize                          = 100663296                                 {product} {ergonomic}
   size_t MarkStackSize                            = 4194304                                   {product} {ergonomic}
   size_t MaxHeapSize                              = 1598029824                                {product} {ergonomic}
   size_t MaxNewSize                               = 958398464                                 {product} {ergonomic}
   size_t MinHeapDeltaBytes                        = 1048576                                   {product} {ergonomic}
   size_t MinHeapSize                              = 8388608                                   {product} {ergonomic}
    uintx NonNMethodCodeHeapSize                   = 5839372                                {pd product} {ergonomic}
    uintx NonProfiledCodeHeapSize                  = 122909434                              {pd product} {ergonomic}
    uintx ProfiledCodeHeapSize                     = 122909434                              {pd product} {ergonomic}
    uintx ReservedCodeCacheSize                    = 251658240                              {pd product} {ergonomic}
     bool SegmentedCodeCache                       = true                                      {product} {ergonomic}
     bool ShowCodeDetailsInExceptionMessages       = true                                   {manageable} {command line}
   size_t SoftMaxHeapSize                          = 1598029824                             {manageable} {ergonomic}
     bool UseCompressedClassPointers               = true                           {product lp64_product} {ergonomic}
     bool UseCompressedOops                        = true                           {product lp64_product} {ergonomic}
     bool UseG1GC                                  = true                                      {product} {ergonomic}
     bool UseLargePagesIndividualAllocation        = false                                  {pd product} {ergonomic}

Logging:
Log output configuration:
 #0: stdout all=warning uptime,level,tags
 #1: stderr all=off uptime,level,tags

Environment Variables:
PATH=C:\Program Files\Common Files\Oracle\Java\javapath;C:\Program Files (x86)\NVIDIA Corporation\PhysX\Common;C:\Windows\system32;C:\Windows;C:\Windows\System32\Wbem;C:\Windows\System32\WindowsPowerShell\v1.0\;C:\Windows\System32\OpenSSH\;C:\Program Files\PuTTY\;C:\Program Files\dotnet\;C:\Program Files (x86)\QuickTime\QTSystem\;C:\Users\raoul\AppData\Local\Microsoft\WindowsApps
USERNAME=raoul
OS=Windows_NT
PROCESSOR_IDENTIFIER=AMD64 Family 23 Model 24 Stepping 1, AuthenticAMD



---------------  S Y S T E M  ---------------

OS:
 Windows 10 , 64 bit Build 19041 (10.0.19041.2251)
OS uptime: 12 days 21:40 hours

CPU: total 8 (initial active 8) (8 cores per cpu, 2 threads per core) family 23 model 24 stepping 1 microcode 0x0, cx8, cmov, fxsr, ht, mmx, 3dnowpref, sse, sse2, sse3, ssse3, sse4a, sse4.1, sse4.2, popcnt, lzcnt, tsc, tscinvbit, avx, avx2, aes, clmul, bmi1, bmi2, adx, sha, fma, vzeroupper, clflush, clflushopt

Memory: 4k page, system-wide physical 6091M (319M free)
TotalPageFile size 24523M (AvailPageFile size 0M)
current process WorkingSet (physical memory assigned to process): 39M, peak: 127M
current process commit charge ("private bytes"): 263M, peak: 273M

vm_info: Java HotSpot(TM) 64-Bit Server VM (17+35-LTS-2724) for windows-amd64 JRE (17+35-LTS-2724), built on Aug  5 2021 23:28:28 by "mach5one" with MS VC++ 16.8 (VS2019)

END.
