#
# There is insufficient memory for the Java Runtime Environment to continue.
# Native memory allocation (mmap) failed to map 65536 bytes for Failed to commit metaspace.
# Possible reasons:
#   The system is out of physical RAM or swap space
#   The process is running with CompressedOops enabled, and the Java Heap may be blocking the growth of the native heap
# Possible solutions:
#   Reduce memory load on the system
#   Increase physical memory or swap space
#   Check if swap backing store is full
#   Decrease Java heap size (-Xmx/-Xms)
#   Decrease number of Java threads
#   Decrease Java thread stack sizes (-Xss)
#   Set larger code cache with -XX:ReservedCodeCacheSize=
#   JVM is running with Unscaled Compressed Oops mode in which the Java heap is
#     placed in the first 4GB address space. The Java Heap base address is the
#     maximum limit for the native heap growth. Please use -XX:HeapBaseMinAddress
#     to set the Java Heap base and to place the Java Heap above 4GB virtual address.
# This output file may be truncated or incomplete.
#
#  Out of Memory Error (virtualSpaceNode.cpp:110), pid=14732, tid=14620
#
# JRE version: Java(TM) SE Runtime Environment (17.0+35) (build 17+35-LTS-2724)
# Java VM: Java HotSpot(TM) 64-Bit Server VM (17+35-LTS-2724, mixed mode, sharing, tiered, compressed oops, compressed class ptrs, g1 gc, windows-amd64)
# No core dump will be written. Minidumps are not enabled by default on client versions of Windows
#

---------------  S U M M A R Y ------------

Command Line: -Dfile.encoding=Cp1252 -XX:+ShowCodeDetailsInExceptionMessages grafica.MainGrafico

Host: AMD Ryzen 5 3500U with Radeon Vega Mobile Gfx  , 8 cores, 5G,  Windows 10 , 64 bit Build 19041 (10.0.19041.2251)
Time: Wed Dec 28 17:53:16 2022 ora solare Europa occidentale elapsed time: 0.791134 seconds (0d 0h 0m 0s)

---------------  T H R E A D  ---------------

Current thread (0x000001deaa674b40):  JavaThread "AWT-EventQueue-0" [_thread_in_vm, id=14620, stack(0x000000455ab00000,0x000000455ac00000)]

Stack: [0x000000455ab00000,0x000000455ac00000]
Native frames: (J=compiled Java code, j=interpreted, Vv=VM code, C=native code)
V  [jvm.dll+0x66f8ea]
V  [jvm.dll+0x7ce224]
V  [jvm.dll+0x7cf9ce]
V  [jvm.dll+0x7d0033]
V  [jvm.dll+0x242bb5]
V  [jvm.dll+0x7ca1cb]
V  [jvm.dll+0x615a46]
V  [jvm.dll+0x615aaa]
V  [jvm.dll+0x6182ba]
V  [jvm.dll+0x6163e6]
V  [jvm.dll+0x620057]
V  [jvm.dll+0x1e7e7b]
V  [jvm.dll+0x1e83b5]
V  [jvm.dll+0x1e8def]
V  [jvm.dll+0x1de2e1]
V  [jvm.dll+0x5375c0]
V  [jvm.dll+0x1eea87]
V  [jvm.dll+0x7489cb]
V  [jvm.dll+0x749d72]
V  [jvm.dll+0x74a509]
V  [jvm.dll+0x1e90a4]
V  [jvm.dll+0x1de2fa]
V  [jvm.dll+0x5375c0]
V  [jvm.dll+0x1eea87]
V  [jvm.dll+0x7489cb]
V  [jvm.dll+0x749d72]
V  [jvm.dll+0x74a0a8]
V  [jvm.dll+0x23af0e]
V  [jvm.dll+0x23b15f]
V  [jvm.dll+0x555418]
V  [jvm.dll+0x558280]
V  [jvm.dll+0x37ef57]
V  [jvm.dll+0x37e5af]
C  0x000001de8f85a5ec

Java frames: (J=compiled Java code, j=interpreted, Vv=VM code)
j  sun.awt.windows.WToolkit.getDefaultKeyboardLocale()Ljava/util/Locale;+0 java.desktop@17
j  sun.awt.im.ExecutableInputMethodManager.getDefaultKeyboardLocale()Ljava/util/Locale;+15 java.desktop@17
j  sun.awt.im.InputContext.<init>()V+66 java.desktop@17
j  sun.awt.im.InputMethodContext.<init>()V+1 java.desktop@17
j  java.awt.im.InputContext.getInstance()Ljava/awt/im/InputContext;+4 java.desktop@17
j  java.awt.Window.getInputContext()Ljava/awt/im/InputContext;+15 java.desktop@17
j  java.awt.Component.getInputContext()Ljava/awt/im/InputContext;+12 java.desktop@17
j  java.awt.Component.getInputContext()Ljava/awt/im/InputContext;+12 java.desktop@17
j  java.awt.Component.getInputContext()Ljava/awt/im/InputContext;+12 java.desktop@17
j  java.awt.Component.getInputContext()Ljava/awt/im/InputContext;+12 java.desktop@17
j  java.awt.Component.getInputContext()Ljava/awt/im/InputContext;+12 java.desktop@17
j  java.awt.Component.dispatchEventImpl(Ljava/awt/AWTEvent;)V+295 java.desktop@17
j  java.awt.Container.dispatchEventImpl(Ljava/awt/AWTEvent;)V+42 java.desktop@17
j  java.awt.Component.dispatchEvent(Ljava/awt/AWTEvent;)V+2 java.desktop@17
j  java.awt.KeyboardFocusManager.redispatchEvent(Ljava/awt/Component;Ljava/awt/AWTEvent;)V+7 java.desktop@17
j  java.awt.DefaultKeyboardFocusManager.typeAheadAssertions(Ljava/awt/Component;Ljava/awt/AWTEvent;)Z+339 java.desktop@17
j  java.awt.DefaultKeyboardFocusManager.dispatchEvent(Ljava/awt/AWTEvent;)Z+1062 java.desktop@17
j  java.awt.Component.dispatchEventImpl(Ljava/awt/AWTEvent;)V+131 java.desktop@17
j  java.awt.Container.dispatchEventImpl(Ljava/awt/AWTEvent;)V+42 java.desktop@17
j  java.awt.Component.dispatchEvent(Ljava/awt/AWTEvent;)V+2 java.desktop@17
j  java.awt.EventQueue.dispatchEventImpl(Ljava/awt/AWTEvent;Ljava/lang/Object;)V+41 java.desktop@17
j  java.awt.EventQueue$4.run()Ljava/lang/Void;+32 java.desktop@17
j  java.awt.EventQueue$4.run()Ljava/lang/Object;+1 java.desktop@17
J 503 c1 java.security.AccessController.executePrivileged(Ljava/security/PrivilegedAction;Ljava/security/AccessControlContext;Ljava/lang/Class;)Ljava/lang/Object; java.base@17 (65 bytes) @ 0x000001de8fe9bf3c [0x000001de8fe9bde0+0x000000000000015c]
j  java.security.AccessController.doPrivileged(Ljava/security/PrivilegedAction;Ljava/security/AccessControlContext;)Ljava/lang/Object;+13 java.base@17
j  java.security.ProtectionDomain$JavaSecurityAccessImpl.doIntersectionPrivilege(Ljava/security/PrivilegedAction;Ljava/security/AccessControlContext;Ljava/security/AccessControlContext;)Ljava/lang/Object;+18 java.base@17
j  java.security.ProtectionDomain$JavaSecurityAccessImpl.doIntersectionPrivilege(Ljava/security/PrivilegedAction;Ljava/security/AccessControlContext;)Ljava/lang/Object;+6 java.base@17
j  java.awt.EventQueue$5.run()Ljava/lang/Void;+11 java.desktop@17
j  java.awt.EventQueue$5.run()Ljava/lang/Object;+1 java.desktop@17
J 503 c1 java.security.AccessController.executePrivileged(Ljava/security/PrivilegedAction;Ljava/security/AccessControlContext;Ljava/lang/Class;)Ljava/lang/Object; java.base@17 (65 bytes) @ 0x000001de8fe9bf3c [0x000001de8fe9bde0+0x000000000000015c]
j  java.security.AccessController.doPrivileged(Ljava/security/PrivilegedAction;Ljava/security/AccessControlContext;)Ljava/lang/Object;+13 java.base@17
j  java.security.ProtectionDomain$JavaSecurityAccessImpl.doIntersectionPrivilege(Ljava/security/PrivilegedAction;Ljava/security/AccessControlContext;Ljava/security/AccessControlContext;)Ljava/lang/Object;+18 java.base@17
j  java.awt.EventQueue.dispatchEvent(Ljava/awt/AWTEvent;)V+73 java.desktop@17
j  java.awt.EventDispatchThread.pumpOneEventForFilters(I)V+78 java.desktop@17
j  java.awt.EventDispatchThread.pumpEventsForFilter(ILjava/awt/Conditional;Ljava/awt/EventFilter;)V+35 java.desktop@17
j  java.awt.EventDispatchThread.pumpEventsForHierarchy(ILjava/awt/Conditional;Ljava/awt/Component;)V+11 java.desktop@17
j  java.awt.EventDispatchThread.pumpEvents(ILjava/awt/Conditional;)V+4 java.desktop@17
j  java.awt.EventDispatchThread.pumpEvents(Ljava/awt/Conditional;)V+3 java.desktop@17
j  java.awt.EventDispatchThread.run()V+9 java.desktop@17
v  ~StubRoutines::call_stub

---------------  P R O C E S S  ---------------

Threads class SMR info:
_java_thread_list=0x000001deaa6ecb60, length=18, elements={
0x000001dea4dc4340, 0x000001dea4dc6870, 0x000001dea4dd8780, 0x000001dea4ddb050,
0x000001dea4ddc0b0, 0x000001dea4de0610, 0x000001dea4de6070, 0x000001dea4dea650,
0x000001dea4dfaf50, 0x000001dea58810c0, 0x000001dea58819c0, 0x000001dea5ac1f20,
0x000001dea5ac4eb0, 0x000001dea5ac56d0, 0x000001deaa6094a0, 0x000001deaa674b40,
0x000001de8802a210, 0x000001deaa6f6bf0
}

Java Threads: ( => current thread )
  0x000001dea4dc4340 JavaThread "Reference Handler" daemon [_thread_blocked, id=25028, stack(0x0000004559300000,0x0000004559400000)]
  0x000001dea4dc6870 JavaThread "Finalizer" daemon [_thread_blocked, id=1572, stack(0x0000004559400000,0x0000004559500000)]
  0x000001dea4dd8780 JavaThread "Signal Dispatcher" daemon [_thread_blocked, id=21488, stack(0x0000004559500000,0x0000004559600000)]
  0x000001dea4ddb050 JavaThread "Attach Listener" daemon [_thread_blocked, id=4984, stack(0x0000004559600000,0x0000004559700000)]
  0x000001dea4ddc0b0 JavaThread "Service Thread" daemon [_thread_blocked, id=19868, stack(0x0000004559700000,0x0000004559800000)]
  0x000001dea4de0610 JavaThread "Monitor Deflation Thread" daemon [_thread_blocked, id=17236, stack(0x0000004559800000,0x0000004559900000)]
  0x000001dea4de6070 JavaThread "C2 CompilerThread0" daemon [_thread_blocked, id=18004, stack(0x0000004559900000,0x0000004559a00000)]
  0x000001dea4dea650 JavaThread "C1 CompilerThread0" daemon [_thread_blocked, id=4532, stack(0x0000004559a00000,0x0000004559b00000)]
  0x000001dea4dfaf50 JavaThread "Sweeper thread" daemon [_thread_blocked, id=18680, stack(0x0000004559b00000,0x0000004559c00000)]
  0x000001dea58810c0 JavaThread "Notification Thread" daemon [_thread_blocked, id=18548, stack(0x0000004559c00000,0x0000004559d00000)]
  0x000001dea58819c0 JavaThread "Common-Cleaner" daemon [_thread_blocked, id=22036, stack(0x0000004559e00000,0x0000004559f00000)]
  0x000001dea5ac1f20 JavaThread "Java2D Disposer" daemon [_thread_blocked, id=18352, stack(0x0000004559f00000,0x000000455a000000)]
  0x000001dea5ac4eb0 JavaThread "AWT-Shutdown" [_thread_blocked, id=16040, stack(0x000000455a000000,0x000000455a100000)]
  0x000001dea5ac56d0 JavaThread "AWT-Windows" daemon [_thread_in_native, id=12052, stack(0x000000455a100000,0x000000455a200000)]
  0x000001deaa6094a0 JavaThread "Image Fetcher 0" daemon [_thread_blocked, id=13404, stack(0x000000455aa00000,0x000000455ab00000)]
=>0x000001deaa674b40 JavaThread "AWT-EventQueue-0" [_thread_in_vm, id=14620, stack(0x000000455ab00000,0x000000455ac00000)]
  0x000001de8802a210 JavaThread "DestroyJavaVM" [_thread_blocked, id=6076, stack(0x0000004558c00000,0x0000004558d00000)]
  0x000001deaa6f6bf0 JavaThread "D3D Screen Updater" daemon [_thread_blocked, id=21148, stack(0x000000455ad00000,0x000000455ae00000)]

Other Threads:
  0x000001de88107780 VMThread "VM Thread" [stack: 0x0000004559200000,0x0000004559300000] [id=3112]
  0x000001dea5881590 WatcherThread [stack: 0x0000004559d00000,0x0000004559e00000] [id=22600]
  0x000001de880617c0 GCTaskThread "GC Thread#0" [stack: 0x0000004558d00000,0x0000004558e00000] [id=2040]
  0x000001de88070c50 ConcurrentGCThread "G1 Main Marker" [stack: 0x0000004558e00000,0x0000004558f00000] [id=22640]
  0x000001de88071570 ConcurrentGCThread "G1 Conc#0" [stack: 0x0000004558f00000,0x0000004559000000] [id=13184]
  0x000001de880e8bb0 ConcurrentGCThread "G1 Refine#0" [stack: 0x0000004559000000,0x0000004559100000] [id=22648]
  0x000001de880e94e0 ConcurrentGCThread "G1 Service" [stack: 0x0000004559100000,0x0000004559200000] [id=14016]

Threads with active compile tasks:

VM state: not at safepoint (normal execution)

VM Mutex/Monitor currently owned by a thread:  ([mutex/lock_event])
[0x000001de88024ab0] Metaspace_lock - owner thread: 0x000001deaa674b40

Heap address: 0x00000000a0c00000, size: 1524 MB, Compressed Oops mode: 32-bit

CDS archive(s) mapped at: [0x0000000800000000-0x0000000800bc0000-0x0000000800bc0000), size 12320768, SharedBaseAddress: 0x0000000800000000, ArchiveRelocationMode: 0.
Compressed class space mapped at: 0x0000000800c00000-0x0000000840c00000, reserved size: 1073741824
Narrow klass base: 0x0000000800000000, Narrow klass shift: 0, Narrow klass range: 0x100000000

GC Precious Log:
 CPUs: 8 total, 8 available
 Memory: 6091M
 Large Page Support: Disabled
 NUMA Support: Disabled
 Compressed Oops: Enabled (32-bit)
 Heap Region Size: 1M
 Heap Min Capacity: 8M
 Heap Initial Capacity: 96M
 Heap Max Capacity: 1524M
 Pre-touch: Disabled
 Parallel Workers: 8
 Concurrent Workers: 2
 Concurrent Refinement Workers: 8
 Periodic GC: Disabled

Heap:
 garbage-first heap   total 98304K, used 6144K [0x00000000a0c00000, 0x0000000100000000)
  region size 1024K, 7 young (7168K), 0 survivors (0K)
 Metaspace       used 7580K, committed 7744K, reserved 1056768K
  class space    used 898K, committed 1024K, reserved 1048576K

Heap Regions: E=young(eden), S=young(survivor), O=old, HS=humongous(starts), HC=humongous(continues), CS=collection set, F=free, OA=open archive, CA=closed archive, TAMS=top-at-mark-start (previous, next)
|   0|0x00000000a0c00000, 0x00000000a0c00000, 0x00000000a0d00000|  0%| F|  |TAMS 0x00000000a0c00000, 0x00000000a0c00000| Untracked 
|   1|0x00000000a0d00000, 0x00000000a0d00000, 0x00000000a0e00000|  0%| F|  |TAMS 0x00000000a0d00000, 0x00000000a0d00000| Untracked 
|   2|0x00000000a0e00000, 0x00000000a0e00000, 0x00000000a0f00000|  0%| F|  |TAMS 0x00000000a0e00000, 0x00000000a0e00000| Untracked 
|   3|0x00000000a0f00000, 0x00000000a0f00000, 0x00000000a1000000|  0%| F|  |TAMS 0x00000000a0f00000, 0x00000000a0f00000| Untracked 
|   4|0x00000000a1000000, 0x00000000a1000000, 0x00000000a1100000|  0%| F|  |TAMS 0x00000000a1000000, 0x00000000a1000000| Untracked 
|   5|0x00000000a1100000, 0x00000000a1100000, 0x00000000a1200000|  0%| F|  |TAMS 0x00000000a1100000, 0x00000000a1100000| Untracked 
|   6|0x00000000a1200000, 0x00000000a1200000, 0x00000000a1300000|  0%| F|  |TAMS 0x00000000a1200000, 0x00000000a1200000| Untracked 
|   7|0x00000000a1300000, 0x00000000a1300000, 0x00000000a1400000|  0%| F|  |TAMS 0x00000000a1300000, 0x00000000a1300000| Untracked 
|   8|0x00000000a1400000, 0x00000000a1400000, 0x00000000a1500000|  0%| F|  |TAMS 0x00000000a1400000, 0x00000000a1400000| Untracked 
|   9|0x00000000a1500000, 0x00000000a1500000, 0x00000000a1600000|  0%| F|  |TAMS 0x00000000a1500000, 0x00000000a1500000| Untracked 
|  10|0x00000000a1600000, 0x00000000a1600000, 0x00000000a1700000|  0%| F|  |TAMS 0x00000000a1600000, 0x00000000a1600000| Untracked 
|  11|0x00000000a1700000, 0x00000000a1700000, 0x00000000a1800000|  0%| F|  |TAMS 0x00000000a1700000, 0x00000000a1700000| Untracked 
|  12|0x00000000a1800000, 0x00000000a1800000, 0x00000000a1900000|  0%| F|  |TAMS 0x00000000a1800000, 0x00000000a1800000| Untracked 
|  13|0x00000000a1900000, 0x00000000a1900000, 0x00000000a1a00000|  0%| F|  |TAMS 0x00000000a1900000, 0x00000000a1900000| Untracked 
|  14|0x00000000a1a00000, 0x00000000a1a00000, 0x00000000a1b00000|  0%| F|  |TAMS 0x00000000a1a00000, 0x00000000a1a00000| Untracked 
|  15|0x00000000a1b00000, 0x00000000a1b00000, 0x00000000a1c00000|  0%| F|  |TAMS 0x00000000a1b00000, 0x00000000a1b00000| Untracked 
|  16|0x00000000a1c00000, 0x00000000a1c00000, 0x00000000a1d00000|  0%| F|  |TAMS 0x00000000a1c00000, 0x00000000a1c00000| Untracked 
|  17|0x00000000a1d00000, 0x00000000a1d00000, 0x00000000a1e00000|  0%| F|  |TAMS 0x00000000a1d00000, 0x00000000a1d00000| Untracked 
|  18|0x00000000a1e00000, 0x00000000a1e00000, 0x00000000a1f00000|  0%| F|  |TAMS 0x00000000a1e00000, 0x00000000a1e00000| Untracked 
|  19|0x00000000a1f00000, 0x00000000a1f00000, 0x00000000a2000000|  0%| F|  |TAMS 0x00000000a1f00000, 0x00000000a1f00000| Untracked 
|  20|0x00000000a2000000, 0x00000000a2000000, 0x00000000a2100000|  0%| F|  |TAMS 0x00000000a2000000, 0x00000000a2000000| Untracked 
|  21|0x00000000a2100000, 0x00000000a2100000, 0x00000000a2200000|  0%| F|  |TAMS 0x00000000a2100000, 0x00000000a2100000| Untracked 
|  22|0x00000000a2200000, 0x00000000a2200000, 0x00000000a2300000|  0%| F|  |TAMS 0x00000000a2200000, 0x00000000a2200000| Untracked 
|  23|0x00000000a2300000, 0x00000000a2300000, 0x00000000a2400000|  0%| F|  |TAMS 0x00000000a2300000, 0x00000000a2300000| Untracked 
|  24|0x00000000a2400000, 0x00000000a2400000, 0x00000000a2500000|  0%| F|  |TAMS 0x00000000a2400000, 0x00000000a2400000| Untracked 
|  25|0x00000000a2500000, 0x00000000a2500000, 0x00000000a2600000|  0%| F|  |TAMS 0x00000000a2500000, 0x00000000a2500000| Untracked 
|  26|0x00000000a2600000, 0x00000000a2600000, 0x00000000a2700000|  0%| F|  |TAMS 0x00000000a2600000, 0x00000000a2600000| Untracked 
|  27|0x00000000a2700000, 0x00000000a2700000, 0x00000000a2800000|  0%| F|  |TAMS 0x00000000a2700000, 0x00000000a2700000| Untracked 
|  28|0x00000000a2800000, 0x00000000a2800000, 0x00000000a2900000|  0%| F|  |TAMS 0x00000000a2800000, 0x00000000a2800000| Untracked 
|  29|0x00000000a2900000, 0x00000000a2900000, 0x00000000a2a00000|  0%| F|  |TAMS 0x00000000a2900000, 0x00000000a2900000| Untracked 
|  30|0x00000000a2a00000, 0x00000000a2a00000, 0x00000000a2b00000|  0%| F|  |TAMS 0x00000000a2a00000, 0x00000000a2a00000| Untracked 
|  31|0x00000000a2b00000, 0x00000000a2b00000, 0x00000000a2c00000|  0%| F|  |TAMS 0x00000000a2b00000, 0x00000000a2b00000| Untracked 
|  32|0x00000000a2c00000, 0x00000000a2c00000, 0x00000000a2d00000|  0%| F|  |TAMS 0x00000000a2c00000, 0x00000000a2c00000| Untracked 
|  33|0x00000000a2d00000, 0x00000000a2d00000, 0x00000000a2e00000|  0%| F|  |TAMS 0x00000000a2d00000, 0x00000000a2d00000| Untracked 
|  34|0x00000000a2e00000, 0x00000000a2e00000, 0x00000000a2f00000|  0%| F|  |TAMS 0x00000000a2e00000, 0x00000000a2e00000| Untracked 
|  35|0x00000000a2f00000, 0x00000000a2f00000, 0x00000000a3000000|  0%| F|  |TAMS 0x00000000a2f00000, 0x00000000a2f00000| Untracked 
|  36|0x00000000a3000000, 0x00000000a3000000, 0x00000000a3100000|  0%| F|  |TAMS 0x00000000a3000000, 0x00000000a3000000| Untracked 
|  37|0x00000000a3100000, 0x00000000a3100000, 0x00000000a3200000|  0%| F|  |TAMS 0x00000000a3100000, 0x00000000a3100000| Untracked 
|  38|0x00000000a3200000, 0x00000000a3200000, 0x00000000a3300000|  0%| F|  |TAMS 0x00000000a3200000, 0x00000000a3200000| Untracked 
|  39|0x00000000a3300000, 0x00000000a3300000, 0x00000000a3400000|  0%| F|  |TAMS 0x00000000a3300000, 0x00000000a3300000| Untracked 
|  40|0x00000000a3400000, 0x00000000a3400000, 0x00000000a3500000|  0%| F|  |TAMS 0x00000000a3400000, 0x00000000a3400000| Untracked 
|  41|0x00000000a3500000, 0x00000000a3500000, 0x00000000a3600000|  0%| F|  |TAMS 0x00000000a3500000, 0x00000000a3500000| Untracked 
|  42|0x00000000a3600000, 0x00000000a3600000, 0x00000000a3700000|  0%| F|  |TAMS 0x00000000a3600000, 0x00000000a3600000| Untracked 
|  43|0x00000000a3700000, 0x00000000a3700000, 0x00000000a3800000|  0%| F|  |TAMS 0x00000000a3700000, 0x00000000a3700000| Untracked 
|  44|0x00000000a3800000, 0x00000000a3800000, 0x00000000a3900000|  0%| F|  |TAMS 0x00000000a3800000, 0x00000000a3800000| Untracked 
|  45|0x00000000a3900000, 0x00000000a3900000, 0x00000000a3a00000|  0%| F|  |TAMS 0x00000000a3900000, 0x00000000a3900000| Untracked 
|  46|0x00000000a3a00000, 0x00000000a3a00000, 0x00000000a3b00000|  0%| F|  |TAMS 0x00000000a3a00000, 0x00000000a3a00000| Untracked 
|  47|0x00000000a3b00000, 0x00000000a3b00000, 0x00000000a3c00000|  0%| F|  |TAMS 0x00000000a3b00000, 0x00000000a3b00000| Untracked 
|  48|0x00000000a3c00000, 0x00000000a3c00000, 0x00000000a3d00000|  0%| F|  |TAMS 0x00000000a3c00000, 0x00000000a3c00000| Untracked 
|  49|0x00000000a3d00000, 0x00000000a3d00000, 0x00000000a3e00000|  0%| F|  |TAMS 0x00000000a3d00000, 0x00000000a3d00000| Untracked 
|  50|0x00000000a3e00000, 0x00000000a3e00000, 0x00000000a3f00000|  0%| F|  |TAMS 0x00000000a3e00000, 0x00000000a3e00000| Untracked 
|  51|0x00000000a3f00000, 0x00000000a3f00000, 0x00000000a4000000|  0%| F|  |TAMS 0x00000000a3f00000, 0x00000000a3f00000| Untracked 
|  52|0x00000000a4000000, 0x00000000a4000000, 0x00000000a4100000|  0%| F|  |TAMS 0x00000000a4000000, 0x00000000a4000000| Untracked 
|  53|0x00000000a4100000, 0x00000000a4100000, 0x00000000a4200000|  0%| F|  |TAMS 0x00000000a4100000, 0x00000000a4100000| Untracked 
|  54|0x00000000a4200000, 0x00000000a4200000, 0x00000000a4300000|  0%| F|  |TAMS 0x00000000a4200000, 0x00000000a4200000| Untracked 
|  55|0x00000000a4300000, 0x00000000a4300000, 0x00000000a4400000|  0%| F|  |TAMS 0x00000000a4300000, 0x00000000a4300000| Untracked 
|  56|0x00000000a4400000, 0x00000000a4400000, 0x00000000a4500000|  0%| F|  |TAMS 0x00000000a4400000, 0x00000000a4400000| Untracked 
|  57|0x00000000a4500000, 0x00000000a4500000, 0x00000000a4600000|  0%| F|  |TAMS 0x00000000a4500000, 0x00000000a4500000| Untracked 
|  58|0x00000000a4600000, 0x00000000a4600000, 0x00000000a4700000|  0%| F|  |TAMS 0x00000000a4600000, 0x00000000a4600000| Untracked 
|  59|0x00000000a4700000, 0x00000000a4700000, 0x00000000a4800000|  0%| F|  |TAMS 0x00000000a4700000, 0x00000000a4700000| Untracked 
|  60|0x00000000a4800000, 0x00000000a4800000, 0x00000000a4900000|  0%| F|  |TAMS 0x00000000a4800000, 0x00000000a4800000| Untracked 
|  61|0x00000000a4900000, 0x00000000a4900000, 0x00000000a4a00000|  0%| F|  |TAMS 0x00000000a4900000, 0x00000000a4900000| Untracked 
|  62|0x00000000a4a00000, 0x00000000a4a00000, 0x00000000a4b00000|  0%| F|  |TAMS 0x00000000a4a00000, 0x00000000a4a00000| Untracked 
|  63|0x00000000a4b00000, 0x00000000a4b00000, 0x00000000a4c00000|  0%| F|  |TAMS 0x00000000a4b00000, 0x00000000a4b00000| Untracked 
|  64|0x00000000a4c00000, 0x00000000a4c00000, 0x00000000a4d00000|  0%| F|  |TAMS 0x00000000a4c00000, 0x00000000a4c00000| Untracked 
|  65|0x00000000a4d00000, 0x00000000a4d00000, 0x00000000a4e00000|  0%| F|  |TAMS 0x00000000a4d00000, 0x00000000a4d00000| Untracked 
|  66|0x00000000a4e00000, 0x00000000a4e00000, 0x00000000a4f00000|  0%| F|  |TAMS 0x00000000a4e00000, 0x00000000a4e00000| Untracked 
|  67|0x00000000a4f00000, 0x00000000a4f00000, 0x00000000a5000000|  0%| F|  |TAMS 0x00000000a4f00000, 0x00000000a4f00000| Untracked 
|  68|0x00000000a5000000, 0x00000000a5000000, 0x00000000a5100000|  0%| F|  |TAMS 0x00000000a5000000, 0x00000000a5000000| Untracked 
|  69|0x00000000a5100000, 0x00000000a5100000, 0x00000000a5200000|  0%| F|  |TAMS 0x00000000a5100000, 0x00000000a5100000| Untracked 
|  70|0x00000000a5200000, 0x00000000a5200000, 0x00000000a5300000|  0%| F|  |TAMS 0x00000000a5200000, 0x00000000a5200000| Untracked 
|  71|0x00000000a5300000, 0x00000000a5300000, 0x00000000a5400000|  0%| F|  |TAMS 0x00000000a5300000, 0x00000000a5300000| Untracked 
|  72|0x00000000a5400000, 0x00000000a5400000, 0x00000000a5500000|  0%| F|  |TAMS 0x00000000a5400000, 0x00000000a5400000| Untracked 
|  73|0x00000000a5500000, 0x00000000a5500000, 0x00000000a5600000|  0%| F|  |TAMS 0x00000000a5500000, 0x00000000a5500000| Untracked 
|  74|0x00000000a5600000, 0x00000000a5600000, 0x00000000a5700000|  0%| F|  |TAMS 0x00000000a5600000, 0x00000000a5600000| Untracked 
|  75|0x00000000a5700000, 0x00000000a5700000, 0x00000000a5800000|  0%| F|  |TAMS 0x00000000a5700000, 0x00000000a5700000| Untracked 
|  76|0x00000000a5800000, 0x00000000a5800000, 0x00000000a5900000|  0%| F|  |TAMS 0x00000000a5800000, 0x00000000a5800000| Untracked 
|  77|0x00000000a5900000, 0x00000000a5900000, 0x00000000a5a00000|  0%| F|  |TAMS 0x00000000a5900000, 0x00000000a5900000| Untracked 
|  78|0x00000000a5a00000, 0x00000000a5a00000, 0x00000000a5b00000|  0%| F|  |TAMS 0x00000000a5a00000, 0x00000000a5a00000| Untracked 
|  79|0x00000000a5b00000, 0x00000000a5b00000, 0x00000000a5c00000|  0%| F|  |TAMS 0x00000000a5b00000, 0x00000000a5b00000| Untracked 
|  80|0x00000000a5c00000, 0x00000000a5c00000, 0x00000000a5d00000|  0%| F|  |TAMS 0x00000000a5c00000, 0x00000000a5c00000| Untracked 
|  81|0x00000000a5d00000, 0x00000000a5d00000, 0x00000000a5e00000|  0%| F|  |TAMS 0x00000000a5d00000, 0x00000000a5d00000| Untracked 
|  82|0x00000000a5e00000, 0x00000000a5e00000, 0x00000000a5f00000|  0%| F|  |TAMS 0x00000000a5e00000, 0x00000000a5e00000| Untracked 
|  83|0x00000000a5f00000, 0x00000000a5f00000, 0x00000000a6000000|  0%| F|  |TAMS 0x00000000a5f00000, 0x00000000a5f00000| Untracked 
|  84|0x00000000a6000000, 0x00000000a6000000, 0x00000000a6100000|  0%| F|  |TAMS 0x00000000a6000000, 0x00000000a6000000| Untracked 
|  85|0x00000000a6100000, 0x00000000a6100000, 0x00000000a6200000|  0%| F|  |TAMS 0x00000000a6100000, 0x00000000a6100000| Untracked 
|  86|0x00000000a6200000, 0x00000000a6200000, 0x00000000a6300000|  0%| F|  |TAMS 0x00000000a6200000, 0x00000000a6200000| Untracked 
|  87|0x00000000a6300000, 0x00000000a6300000, 0x00000000a6400000|  0%| F|  |TAMS 0x00000000a6300000, 0x00000000a6300000| Untracked 
|  88|0x00000000a6400000, 0x00000000a6400000, 0x00000000a6500000|  0%| F|  |TAMS 0x00000000a6400000, 0x00000000a6400000| Untracked 
|  89|0x00000000a6500000, 0x00000000a65ec0d8, 0x00000000a6600000| 92%| E|  |TAMS 0x00000000a6500000, 0x00000000a6500000| Complete 
|  90|0x00000000a6600000, 0x00000000a6700000, 0x00000000a6700000|100%| E|CS|TAMS 0x00000000a6600000, 0x00000000a6600000| Complete 
|  91|0x00000000a6700000, 0x00000000a6800000, 0x00000000a6800000|100%| E|CS|TAMS 0x00000000a6700000, 0x00000000a6700000| Complete 
|  92|0x00000000a6800000, 0x00000000a6900000, 0x00000000a6900000|100%| E|CS|TAMS 0x00000000a6800000, 0x00000000a6800000| Complete 
|  93|0x00000000a6900000, 0x00000000a6a00000, 0x00000000a6a00000|100%| E|CS|TAMS 0x00000000a6900000, 0x00000000a6900000| Complete 
|  94|0x00000000a6a00000, 0x00000000a6b00000, 0x00000000a6b00000|100%| E|CS|TAMS 0x00000000a6a00000, 0x00000000a6a00000| Complete 
|  95|0x00000000a6b00000, 0x00000000a6c00000, 0x00000000a6c00000|100%| E|CS|TAMS 0x00000000a6b00000, 0x00000000a6b00000| Complete 

Card table byte_map: [0x000001de9ee70000,0x000001de9f170000] _byte_map_base: 0x000001de9e96a000

Marking Bits (Prev, Next): (CMBitMap*) 0x000001de88063d00, (CMBitMap*) 0x000001de88063d40
 Prev Bits: [0x000001de9f470000, 0x000001dea0c40000)
 Next Bits: [0x000001dea0c40000, 0x000001dea2410000)

Polling page: 0x000001de87810000

Metaspace:

Usage:
  Non-class:      6.53 MB used.
      Class:    898.28 KB used.
       Both:      7.40 MB used.

Virtual space:
  Non-class space:        8.00 MB reserved,       6.56 MB ( 82%) committed,  1 nodes.
      Class space:        1.00 GB reserved,       1.00 MB ( <1%) committed,  1 nodes.
             Both:        1.01 GB reserved,       7.56 MB ( <1%) committed. 

Chunk freelists:
   Non-Class:  1.00 MB
       Class:  2.99 MB
        Both:  3.99 MB

MaxMetaspaceSize: unlimited
CompressedClassSpaceSize: 1.00 GB
Initial GC threshold: 21.00 MB
Current GC threshold: 21.00 MB
CDS: on
MetaspaceReclaimPolicy: balanced
 - commit_granule_bytes: 65536.
 - commit_granule_words: 8192.
 - virtual_space_node_default_size: 1048576.
 - enlarge_chunks_in_place: 1.
 - new_chunks_are_fully_committed: 0.
 - uncommit_free_chunks: 1.
 - use_allocation_guard: 0.
 - handle_deallocations: 1.


Internal statistics:

num_allocs_failed_limit: 0.
num_arena_births: 114.
num_arena_deaths: 0.
num_vsnodes_births: 2.
num_vsnodes_deaths: 0.
num_space_committed: 121.
num_space_uncommitted: 0.
num_chunks_returned_to_freelist: 0.
num_chunks_taken_from_freelist: 133.
num_chunk_merges: 0.
num_chunk_splits: 91.
num_chunks_enlarged: 54.
num_purges: 0.
num_inconsistent_stats: 0.

CodeHeap 'non-profiled nmethods': size=120000Kb used=177Kb max_used=177Kb free=119823Kb
 bounds [0x000001de97310000, 0x000001de97580000, 0x000001de9e840000]
CodeHeap 'profiled nmethods': size=120000Kb used=971Kb max_used=971Kb free=119028Kb
 bounds [0x000001de8fde0000, 0x000001de90050000, 0x000001de97310000]
CodeHeap 'non-nmethods': size=5760Kb used=1273Kb max_used=1287Kb free=4486Kb
 bounds [0x000001de8f840000, 0x000001de8fab0000, 0x000001de8fde0000]
 total_blobs=1277 nmethods=676 adapters=514
 compilation: enabled
              stopped_count=0, restarted_count=0
 full_count=0

Compilation events (20 events):
Event: 0.759 Thread 0x000001dea4dea650 nmethod 666 0x000001de8fed0410 code [0x000001de8fed05e0, 0x000001de8fed09f8]
Event: 0.759 Thread 0x000001dea4dea650  667       1       sun.java2d.loops.CompositeType::getSuperType (5 bytes)
Event: 0.759 Thread 0x000001dea4dea650 nmethod 667 0x000001de9733b010 code [0x000001de9733b1a0, 0x000001de9733b278]
Event: 0.759 Thread 0x000001dea4dea650  668       3       java.util.Arrays::binarySearch0 (95 bytes)
Event: 0.760 Thread 0x000001dea4dea650 nmethod 668 0x000001de8fed0b10 code [0x000001de8fed0ce0, 0x000001de8fed1118]
Event: 0.760 Thread 0x000001dea4dea650  669       3       sun.java2d.loops.GraphicsPrimitiveMgr::locate (104 bytes)
Event: 0.760 Thread 0x000001dea4dea650 nmethod 669 0x000001de8fed1290 code [0x000001de8fed14c0, 0x000001de8fed1f38]
Event: 0.760 Thread 0x000001dea4dea650  670       3       java.util.Arrays::binarySearch (10 bytes)
Event: 0.760 Thread 0x000001dea4de6070 nmethod 665 0x000001de9733b310 code [0x000001de9733b4a0, 0x000001de9733b5d8]
Event: 0.760 Thread 0x000001dea4dea650 nmethod 670 0x000001de8fed2190 code [0x000001de8fed2320, 0x000001de8fed2448]
Event: 0.760 Thread 0x000001dea4dea650  671       1       sun.java2d.loops.SurfaceType::getSuperType (5 bytes)
Event: 0.760 Thread 0x000001dea4dea650 nmethod 671 0x000001de9733b710 code [0x000001de9733b8a0, 0x000001de9733b978]
Event: 0.785 Thread 0x000001dea4dea650  673       3       sun.java2d.pipe.RenderBuffer::putInt (26 bytes)
Event: 0.785 Thread 0x000001dea4dea650 nmethod 673 0x000001de8fed2510 code [0x000001de8fed26a0, 0x000001de8fed2838]
Event: 0.785 Thread 0x000001dea4dea650  674       3       jdk.internal.misc.Unsafe::putInt (8 bytes)
Event: 0.785 Thread 0x000001dea4dea650 nmethod 674 0x000001de8fed2910 code [0x000001de8fed2aa0, 0x000001de8fed2bb8]
Event: 0.786 Thread 0x000001dea4dea650  675       1       java.awt.AWTEvent::getID (5 bytes)
Event: 0.786 Thread 0x000001dea4dea650 nmethod 675 0x000001de9733be10 code [0x000001de9733bfa0, 0x000001de9733c078]
Event: 0.786 Thread 0x000001dea4dea650  676       1       java.util.concurrent.locks.AbstractOwnableSynchronizer::getExclusiveOwnerThread (5 bytes)
Event: 0.786 Thread 0x000001dea4dea650 nmethod 676 0x000001de9733c110 code [0x000001de9733c2a0, 0x000001de9733c378]

GC Heap History (0 events):
No events

Deoptimization events (0 events):
No events

Classes unloaded (0 events):
No events

Classes redefined (0 events):
No events

Internal exceptions (13 events):
Event: 0.134 Thread 0x000001de8802a210 Exception <a 'java/lang/ClassNotFoundException'{0x00000000a6a814a0}: sun/awt/resources/spi/awtProvider> (0x00000000a6a814a0) 
thrown [t:\workspace\open\src\hotspot\share\classfile\systemDictionary.cpp, line 256]
Event: 0.174 Thread 0x000001de8802a210 Exception <a 'java/io/FileNotFoundException'{0x00000000a6ad9f50}> (0x00000000a6ad9f50) 
thrown [t:\workspace\open\src\hotspot\share\prims\jni.cpp, line 516]
Event: 0.188 Thread 0x000001de8802a210 Exception <a 'java/io/FileNotFoundException'{0x00000000a6907530}> (0x00000000a6907530) 
thrown [t:\workspace\open\src\hotspot\share\prims\jni.cpp, line 516]
Event: 0.273 Thread 0x000001de8802a210 Exception <a 'java/lang/NoSuchMethodError'{0x00000000a6955f78}: 'java.lang.Object java.lang.invoke.DirectMethodHandle$Holder.invokeStaticInit(java.lang.Object)'> (0x00000000a6955f78) 
thrown [t:\workspace\open\src\hotspot\share\interpreter\linkResolver.cpp, line 766]
Event: 0.390 Thread 0x000001de8802a210 Exception <a 'java/lang/NoSuchMethodError'{0x00000000a6817278}: 'void java.lang.invoke.DirectMethodHandle$Holder.invokeSpecial(java.lang.Object, java.lang.Object, java.lang.Object)'> (0x00000000a6817278) 
thrown [t:\workspace\open\src\hotspot\share\interpreter\linkResolver.cpp, line 766]
Event: 0.401 Thread 0x000001de8802a210 Exception <a 'java/lang/NoSuchMethodError'{0x00000000a68413e0}: 'java.lang.Object java.lang.invoke.DirectMethodHandle$Holder.newInvokeSpecial(java.lang.Object, java.lang.Object, java.lang.Object, java.lang.Object, java.lang.Object)'> (0x00000000a68413e0) 
thrown [t:\workspace\open\src\hotspot\share\interpreter\linkResolver.cpp, line 766]
Event: 0.403 Thread 0x000001de8802a210 Exception <a 'java/lang/NoSuchMethodError'{0x00000000a684cda8}: 'java.lang.Object java.lang.invoke.DirectMethodHandle$Holder.invokeStatic(java.lang.Object, int, java.lang.Object, java.lang.Object, java.lang.Object, java.lang.Object)'> (0x00000000a684cda8) 
thrown [t:\workspace\open\src\hotspot\share\interpreter\linkResolver.cpp, line 766]
Event: 0.411 Thread 0x000001de8802a210 Exception <a 'java/lang/NoSuchMethodError'{0x00000000a6872568}: 'java.lang.Object java.lang.invoke.DirectMethodHandle$Holder.invokeStatic(java.lang.Object, int, java.lang.Object)'> (0x00000000a6872568) 
thrown [t:\workspace\open\src\hotspot\share\interpreter\linkResolver.cpp, line 766]
Event: 0.450 Thread 0x000001de8802a210 Exception <a 'java/lang/ClassNotFoundException'{0x00000000a672acd8}: com/sun/swing/internal/plaf/metal/resources/spi/metalProvider> (0x00000000a672acd8) 
thrown [t:\workspace\open\src\hotspot\share\classfile\systemDictionary.cpp, line 256]
Event: 0.451 Thread 0x000001de8802a210 Exception <a 'java/lang/ClassNotFoundException'{0x00000000a672eb60}: com/sun/swing/internal/plaf/basic/resources/spi/basicProvider> (0x00000000a672eb60) 
thrown [t:\workspace\open\src\hotspot\share\classfile\systemDictionary.cpp, line 256]
Event: 0.474 Thread 0x000001deaa6094a0 Exception <a 'java/lang/NoSuchMethodError'{0x00000000a6787580}: 'java.lang.Object java.lang.invoke.DirectMethodHandle$Holder.newInvokeSpecial(java.lang.Object, java.lang.Object, java.lang.Object, int, int, int, int, int)'> (0x00000000a6787580) 
thrown [t:\workspace\open\src\hotspot\share\interpreter\linkResolver.cpp, line 766]
Event: 0.568 Thread 0x000001de8802a210 Exception <a 'java/lang/NoSuchMethodError'{0x00000000a66259f8}: 'void java.lang.invoke.DirectMethodHandle$Holder.invokeStaticInit(java.lang.Object)'> (0x00000000a66259f8) 
thrown [t:\workspace\open\src\hotspot\share\interpreter\linkResolver.cpp, line 766]
Event: 0.670 Thread 0x000001dea5ac56d0 Exception <a 'java/lang/NoSuchMethodError'{0x00000000a6986a08}: 'void java.lang.invoke.DirectMethodHandle$Holder.invokeVirtual(java.lang.Object, java.lang.Object)'> (0x00000000a6986a08) 
thrown [t:\workspace\open\src\hotspot\share\interpreter\linkResolver.cpp, line 766]

VM Operations (10 events):
Event: 0.450 Executing VM operation: HandshakeAllThreads
Event: 0.450 Executing VM operation: HandshakeAllThreads done
Event: 0.508 Executing VM operation: HandshakeAllThreads
Event: 0.508 Executing VM operation: HandshakeAllThreads done
Event: 0.512 Executing VM operation: HandshakeAllThreads
Event: 0.512 Executing VM operation: HandshakeAllThreads done
Event: 0.594 Executing VM operation: HandshakeAllThreads
Event: 0.594 Executing VM operation: HandshakeAllThreads done
Event: 0.677 Executing VM operation: HandshakeAllThreads
Event: 0.677 Executing VM operation: HandshakeAllThreads done

Events (20 events):
Event: 0.760 loading class sun/java2d/loops/Blit$GeneralMaskBlit
Event: 0.760 loading class sun/java2d/loops/Blit$GeneralMaskBlit done
Event: 0.760 loading class sun/java2d/d3d/D3DSurfaceDataProxy
Event: 0.760 loading class sun/java2d/d3d/D3DSurfaceDataProxy done
Event: 0.786 loading class java/awt/KeyboardFocusManager$3
Event: 0.786 loading class java/awt/KeyboardFocusManager$3 done
Event: 0.787 loading class java/awt/im/InputContext
Event: 0.787 loading class java/awt/im/InputContext done
Event: 0.787 loading class sun/awt/im/InputMethodContext
Event: 0.787 loading class java/awt/im/spi/InputMethodContext
Event: 0.787 loading class java/awt/im/InputMethodRequests
Event: 0.787 loading class java/awt/im/InputMethodRequests done
Event: 0.787 loading class java/awt/im/spi/InputMethodContext done
Event: 0.787 loading class sun/awt/im/InputContext
Event: 0.788 loading class sun/awt/im/InputContext done
Event: 0.788 loading class sun/awt/im/InputMethodContext done
Event: 0.788 loading class sun/awt/windows/WInputMethod
Event: 0.788 loading class sun/awt/im/InputMethodAdapter
Event: 0.788 loading class java/awt/im/spi/InputMethod
Event: 0.788 loading class java/awt/im/spi/InputMethod done


Dynamic libraries:
0x00007ff62df10000 - 0x00007ff62df20000 	C:\Program Files\Java\jdk-17\bin\javaw.exe
0x00007ffcddc30000 - 0x00007ffcdde28000 	C:\Windows\SYSTEM32\ntdll.dll
0x00007ffcdd500000 - 0x00007ffcdd5bf000 	C:\Windows\System32\KERNEL32.DLL
0x00007ffcdb400000 - 0x00007ffcdb6d2000 	C:\Windows\System32\KERNELBASE.dll
0x00007ffcdb6e0000 - 0x00007ffcdb7e0000 	C:\Windows\System32\ucrtbase.dll
0x00007ffcb56e0000 - 0x00007ffcb56fa000 	C:\Program Files\Java\jdk-17\bin\VCRUNTIME140.dll
0x00007ffcb8fc0000 - 0x00007ffcb8fd8000 	C:\Program Files\Java\jdk-17\bin\jli.dll
0x00007ffcdd7a0000 - 0x00007ffcdd84e000 	C:\Windows\System32\ADVAPI32.dll
0x00007ffcdcd80000 - 0x00007ffcdce1e000 	C:\Windows\System32\msvcrt.dll
0x00007ffcdbee0000 - 0x00007ffcdbf7c000 	C:\Windows\System32\sechost.dll
0x00007ffcdc810000 - 0x00007ffcdc935000 	C:\Windows\System32\RPCRT4.dll
0x00007ffcdbc90000 - 0x00007ffcdbe2d000 	C:\Windows\System32\USER32.dll
0x00007ffcdbaf0000 - 0x00007ffcdbb12000 	C:\Windows\System32\win32u.dll
0x00007ffcda740000 - 0x00007ffcda9da000 	C:\Windows\WinSxS\amd64_microsoft.windows.common-controls_6595b64144ccf1df_6.0.19041.1110_none_60b5254171f9507e\COMCTL32.dll
0x00007ffcdd860000 - 0x00007ffcdd88b000 	C:\Windows\System32\GDI32.dll
0x00007ffcdb7e0000 - 0x00007ffcdb8ef000 	C:\Windows\System32\gdi32full.dll
0x00007ffcdb330000 - 0x00007ffcdb3cd000 	C:\Windows\System32\msvcp_win.dll
0x00007ffcd06e0000 - 0x00007ffcd06ea000 	C:\Windows\SYSTEM32\VERSION.dll
0x00007ffcdd6f0000 - 0x00007ffcdd722000 	C:\Windows\System32\IMM32.DLL
0x00007ffccdbe0000 - 0x00007ffccdbec000 	C:\Program Files\Java\jdk-17\bin\vcruntime140_1.dll
0x00007ffcb2050000 - 0x00007ffcb20dd000 	C:\Program Files\Java\jdk-17\bin\msvcp140.dll
0x00007ffcacee0000 - 0x00007ffcada9e000 	C:\Program Files\Java\jdk-17\bin\server\jvm.dll
0x00007ffcdbc80000 - 0x00007ffcdbc88000 	C:\Windows\System32\PSAPI.DLL
0x00007ffccd370000 - 0x00007ffccd379000 	C:\Windows\SYSTEM32\WSOCK32.dll
0x00007ffcd06b0000 - 0x00007ffcd06d7000 	C:\Windows\SYSTEM32\WINMM.dll
0x00007ffcdd730000 - 0x00007ffcdd79b000 	C:\Windows\System32\WS2_32.dll
0x00007ffcd8400000 - 0x00007ffcd8412000 	C:\Windows\SYSTEM32\kernel.appcore.dll
0x00007ffcccc10000 - 0x00007ffcccc1a000 	C:\Program Files\Java\jdk-17\bin\jimage.dll
0x00007ffcdacc0000 - 0x00007ffcdaea4000 	C:\Windows\SYSTEM32\DBGHELP.DLL
0x00007ffcdac90000 - 0x00007ffcdacbc000 	C:\Windows\SYSTEM32\dbgcore.DLL
0x00007ffcdb940000 - 0x00007ffcdb9c2000 	C:\Windows\System32\bcryptPrimitives.dll
0x00007ffcb56b0000 - 0x00007ffcb56d5000 	C:\Program Files\Java\jdk-17\bin\java.dll
0x00007ffca2a60000 - 0x00007ffca2b36000 	C:\Program Files\Java\jdk-17\bin\svml.dll
0x00007ffcdbfe0000 - 0x00007ffcdc723000 	C:\Windows\System32\SHELL32.dll
0x00007ffcd8700000 - 0x00007ffcd8e92000 	C:\Windows\SYSTEM32\windows.storage.dll
0x00007ffcdd890000 - 0x00007ffcddbe4000 	C:\Windows\System32\combase.dll
0x00007ffcda6a0000 - 0x00007ffcda6d0000 	C:\Windows\SYSTEM32\Wldp.dll
0x00007ffcdce30000 - 0x00007ffcdcedd000 	C:\Windows\System32\SHCORE.dll
0x00007ffcdcd20000 - 0x00007ffcdcd75000 	C:\Windows\System32\shlwapi.dll
0x00007ffcdb270000 - 0x00007ffcdb28f000 	C:\Windows\SYSTEM32\profapi.dll
0x00007ffcacec0000 - 0x00007ffcaced9000 	C:\Program Files\Java\jdk-17\bin\net.dll
0x00007ffccafe0000 - 0x00007ffccb0ec000 	C:\Windows\SYSTEM32\WINHTTP.dll
0x00007ffcda380000 - 0x00007ffcda3ea000 	C:\Windows\system32\mswsock.dll
0x00007ffca2a40000 - 0x00007ffca2a55000 	C:\Program Files\Java\jdk-17\bin\nio.dll
0x00007ffca2a20000 - 0x00007ffca2a38000 	C:\Program Files\Java\jdk-17\bin\zip.dll
0x00007ffcb3030000 - 0x00007ffcb31bf000 	C:\Program Files\Java\jdk-17\bin\awt.dll
0x00007ffcdcee0000 - 0x00007ffcdcfad000 	C:\Windows\System32\OLEAUT32.dll
0x00007ffcd7e20000 - 0x00007ffcd7eb1000 	C:\Windows\SYSTEM32\apphelp.dll
0x00007ffcd81f0000 - 0x00007ffcd821f000 	C:\Windows\system32\DWMAPI.DLL
0x00007ffcd7ff0000 - 0x00007ffcd808e000 	C:\Windows\system32\uxtheme.dll
0x00007ffc97ec0000 - 0x00007ffc97fe5000 	C:\Windows\system32\opengl32.dll
0x00007ffccccb0000 - 0x00007ffccccdc000 	C:\Windows\SYSTEM32\GLU32.dll
0x00007ffcdcba0000 - 0x00007ffcdccb5000 	C:\Windows\System32\MSCTF.dll
0x00007ffcdd5c0000 - 0x00007ffcdd6ea000 	C:\Windows\System32\ole32.dll
0x00007ffc9f210000 - 0x00007ffc9f3df000 	C:\Windows\system32\d3d9.dll
0x00007ffcd06f0000 - 0x00007ffcd08cb000 	C:\Windows\System32\DriverStore\FileRepository\u0365656.inf_amd64_5926d42fa64b989d\B365142\aticfx64.dll
0x00007ffcccfb0000 - 0x00007ffcccfe3000 	C:\Windows\System32\DriverStore\FileRepository\u0365656.inf_amd64_5926d42fa64b989d\B365142\atiu9p64.dll
0x00007ffca33d0000 - 0x00007ffca40e2000 	C:\Windows\System32\DriverStore\FileRepository\u0365656.inf_amd64_5926d42fa64b989d\B365142\atiumd64.dll
0x000000005daa0000 - 0x000000005e95d000 	C:\Windows\System32\DriverStore\FileRepository\u0365656.inf_amd64_5926d42fa64b989d\B365142\atiumd6a.dll
0x00007ffcdb1a0000 - 0x00007ffcdb1eb000 	C:\Windows\SYSTEM32\POWRPROF.dll
0x00007ffcdb0d0000 - 0x00007ffcdb0e2000 	C:\Windows\SYSTEM32\UMPDC.dll
0x00007ffcce280000 - 0x00007ffcce2b0000 	C:\Windows\SYSTEM32\amdihk64.dll
0x00007ffcd17c0000 - 0x00007ffcd17fb000 	C:\Windows\SYSTEM32\dxcore.dll
0x00007ffcdb8f0000 - 0x00007ffcdb93e000 	C:\Windows\System32\cfgmgr32.dll
0x00007ffcc9dd0000 - 0x00007ffcc9e59000 	C:\Program Files\Java\jdk-17\bin\freetype.dll
0x00007ffcbf940000 - 0x00007ffcbf9e8000 	C:\Program Files\Java\jdk-17\bin\fontmanager.dll
0x00007ffcdbe30000 - 0x00007ffcdbedf000 	C:\Windows\System32\clbcatq.dll
0x00007ffcd4a20000 - 0x00007ffcd4bd4000 	C:\Windows\SYSTEM32\WindowsCodecs.dll
0x00007ffcdb3d0000 - 0x00007ffcdb3f7000 	C:\Windows\System32\bcrypt.dll
0x00007ffcc9010000 - 0x00007ffcc904e000 	C:\Windows\system32\dataexchange.dll
0x00007ffcd6690000 - 0x00007ffcd68f3000 	C:\Windows\system32\d3d11.dll
0x00007ffcd7320000 - 0x00007ffcd7503000 	C:\Windows\system32\dcomp.dll
0x00007ffcd9590000 - 0x00007ffcd9683000 	C:\Windows\system32\dxgi.dll
0x00007ffcd4d00000 - 0x00007ffcd4f00000 	C:\Windows\system32\twinapi.appcore.dll
0x00007ffcd2d20000 - 0x00007ffcd2e19000 	C:\Windows\SYSTEM32\textinputframework.dll
0x00007ffcd7510000 - 0x00007ffcd786e000 	C:\Windows\System32\CoreUIComponents.dll
0x00007ffcd7bf0000 - 0x00007ffcd7ce2000 	C:\Windows\System32\CoreMessaging.dll
0x00007ffcdaf30000 - 0x00007ffcdaf63000 	C:\Windows\SYSTEM32\ntmarta.dll
0x00007ffcd6530000 - 0x00007ffcd6684000 	C:\Windows\SYSTEM32\wintypes.dll

dbghelp: loaded successfully - version: 4.0.5 - missing functions: none
symbol engine: initialized successfully - sym options: 0x614 - pdb path: .;C:\Program Files\Java\jdk-17\bin;C:\Windows\SYSTEM32;C:\Windows\WinSxS\amd64_microsoft.windows.common-controls_6595b64144ccf1df_6.0.19041.1110_none_60b5254171f9507e;C:\Program Files\Java\jdk-17\bin\server;C:\Windows\System32\DriverStore\FileRepository\u0365656.inf_amd64_5926d42fa64b989d\B365142

VM Arguments:
jvm_args: -Dfile.encoding=Cp1252 -XX:+ShowCodeDetailsInExceptionMessages 
java_command: grafica.MainGrafico
java_class_path (initial): C:\Users\raoul\eclipse-workspace\SendEmail\target\classes;C:\Users\raoul\Downloads\jdatepicker-1.3.4.jar;C:\Users\raoul\Desktop\progetto\lib\mysql-connector-j-8.0.31.jar;C:\Users\raoul\.m2\repository\com\sun\mail\javax.mail\1.6.2\javax.mail-1.6.2.jar;C:\Users\raoul\.m2\repository\javax\activation\activation\1.1\activation-1.1.jar
Launcher Type: SUN_STANDARD

[Global flags]
     intx CICompilerCount                          = 4                                         {product} {ergonomic}
     uint ConcGCThreads                            = 2                                         {product} {ergonomic}
     uint G1ConcRefinementThreads                  = 8                                         {product} {ergonomic}
   size_t G1HeapRegionSize                         = 1048576                                   {product} {ergonomic}
    uintx GCDrainStackTargetSize                   = 64                                        {product} {ergonomic}
   size_t InitialHeapSize                          = 100663296                                 {product} {ergonomic}
   size_t MarkStackSize                            = 4194304                                   {product} {ergonomic}
   size_t MaxHeapSize                              = 1598029824                                {product} {ergonomic}
   size_t MaxNewSize                               = 958398464                                 {product} {ergonomic}
   size_t MinHeapDeltaBytes                        = 1048576                                   {product} {ergonomic}
   size_t MinHeapSize                              = 8388608                                   {product} {ergonomic}
    uintx NonNMethodCodeHeapSize                   = 5839372                                {pd product} {ergonomic}
    uintx NonProfiledCodeHeapSize                  = 122909434                              {pd product} {ergonomic}
    uintx ProfiledCodeHeapSize                     = 122909434                              {pd product} {ergonomic}
    uintx ReservedCodeCacheSize                    = 251658240                              {pd product} {ergonomic}
     bool SegmentedCodeCache                       = true                                      {product} {ergonomic}
     bool ShowCodeDetailsInExceptionMessages       = true                                   {manageable} {command line}
   size_t SoftMaxHeapSize                          = 1598029824                             {manageable} {ergonomic}
     bool UseCompressedClassPointers               = true                           {product lp64_product} {ergonomic}
     bool UseCompressedOops                        = true                           {product lp64_product} {ergonomic}
     bool UseG1GC                                  = true                                      {product} {ergonomic}
     bool UseLargePagesIndividualAllocation        = false                                  {pd product} {ergonomic}

Logging:
Log output configuration:
 #0: stdout all=warning uptime,level,tags
 #1: stderr all=off uptime,level,tags

Environment Variables:
PATH=C:\Program Files\Common Files\Oracle\Java\javapath;C:\Program Files (x86)\NVIDIA Corporation\PhysX\Common;C:\Windows\system32;C:\Windows;C:\Windows\System32\Wbem;C:\Windows\System32\WindowsPowerShell\v1.0\;C:\Windows\System32\OpenSSH\;C:\Program Files\PuTTY\;C:\Program Files\dotnet\;C:\Program Files (x86)\QuickTime\QTSystem\;C:\Users\raoul\AppData\Local\Microsoft\WindowsApps
USERNAME=raoul
OS=Windows_NT
PROCESSOR_IDENTIFIER=AMD64 Family 23 Model 24 Stepping 1, AuthenticAMD



---------------  S Y S T E M  ---------------

OS:
 Windows 10 , 64 bit Build 19041 (10.0.19041.2251)
OS uptime: 12 days 21:50 hours

CPU: total 8 (initial active 8) (8 cores per cpu, 2 threads per core) family 23 model 24 stepping 1 microcode 0x0, cx8, cmov, fxsr, ht, mmx, 3dnowpref, sse, sse2, sse3, ssse3, sse4a, sse4.1, sse4.2, popcnt, lzcnt, tsc, tscinvbit, avx, avx2, aes, clmul, bmi1, bmi2, adx, sha, fma, vzeroupper, clflush, clflushopt

Memory: 4k page, system-wide physical 6091M (532M free)
TotalPageFile size 24523M (AvailPageFile size 0M)
current process WorkingSet (physical memory assigned to process): 77M, peak: 77M
current process commit charge ("private bytes"): 222M, peak: 223M

vm_info: Java HotSpot(TM) 64-Bit Server VM (17+35-LTS-2724) for windows-amd64 JRE (17+35-LTS-2724), built on Aug  5 2021 23:28:28 by "mach5one" with MS VC++ 16.8 (VS2019)

END.
