#
# There is insufficient memory for the Java Runtime Environment to continue.
# Native memory allocation (malloc) failed to allocate 9232 bytes for AllocateHeap
# Possible reasons:
#   The system is out of physical RAM or swap space
#   The process is running with CompressedOops enabled, and the Java Heap may be blocking the growth of the native heap
# Possible solutions:
#   Reduce memory load on the system
#   Increase physical memory or swap space
#   Check if swap backing store is full
#   Decrease Java heap size (-Xmx/-Xms)
#   Decrease number of Java threads
#   Decrease Java thread stack sizes (-Xss)
#   Set larger code cache with -XX:ReservedCodeCacheSize=
#   JVM is running with Unscaled Compressed Oops mode in which the Java heap is
#     placed in the first 4GB address space. The Java Heap base address is the
#     maximum limit for the native heap growth. Please use -XX:HeapBaseMinAddress
#     to set the Java Heap base and to place the Java Heap above 4GB virtual address.
# This output file may be truncated or incomplete.
#
#  Out of Memory Error (allocation.cpp:44), pid=5184, tid=10208
#
# JRE version: Java(TM) SE Runtime Environment (17.0+35) (build 17+35-LTS-2724)
# Java VM: Java HotSpot(TM) 64-Bit Server VM (17+35-LTS-2724, mixed mode, sharing, tiered, compressed oops, compressed class ptrs, g1 gc, windows-amd64)
# No core dump will be written. Minidumps are not enabled by default on client versions of Windows
#

---------------  S U M M A R Y ------------

Command Line: -Dfile.encoding=Cp1252 -XX:+ShowCodeDetailsInExceptionMessages grafica.MainGrafico

Host: AMD Ryzen 5 3500U with Radeon Vega Mobile Gfx  , 8 cores, 5G,  Windows 10 , 64 bit Build 19041 (10.0.19041.2251)
Time: Wed Dec 28 17:43:19 2022 ora solare Europa occidentale elapsed time: 6450.928518 seconds (0d 1h 47m 30s)

---------------  T H R E A D  ---------------

Current thread (0x000002152685e410):  JavaThread "D3D Screen Updater" daemon [_thread_in_Java, id=10208, stack(0x000000443df00000,0x000000443e000000)]

Stack: [0x000000443df00000,0x000000443e000000]
Native frames: (J=compiled Java code, j=interpreted, Vv=VM code, C=native code)
V  [jvm.dll+0x66f8ea]
V  [jvm.dll+0x7ce224]
V  [jvm.dll+0x7cf9ce]
V  [jvm.dll+0x7d0033]
V  [jvm.dll+0x242bb5]
V  [jvm.dll+0xa4673]
V  [jvm.dll+0x24fdf7]
V  [jvm.dll+0x2528ec]
C  0x000002150bbb232b

Java frames: (J=compiled Java code, j=interpreted, Vv=VM code)
v  ~UncommonTrapBlob
J 1576% c2 sun.java2d.d3d.D3DScreenUpdateManager.run()V java.desktop@17 (267 bytes) @ 0x00000215136a66e0 [0x00000215136a5a80+0x0000000000000c60]
j  java.lang.Thread.run()V+11 java.base@17
v  ~StubRoutines::call_stub

---------------  P R O C E S S  ---------------

Threads class SMR info:
_java_thread_list=0x0000021529cec230, length=19, elements={
0x00000215210e54d0, 0x00000215210e69f0, 0x00000215210f8dd0, 0x00000215210fb6a0,
0x00000215210fc700, 0x0000021521101400, 0x0000021521102840, 0x00000215211059a0,
0x0000021521117200, 0x0000021521c74260, 0x0000021521c7f610, 0x0000021521e6a390,
0x0000021521e6a860, 0x0000021521e6b080, 0x00000215267c8640, 0x0000021504348ff0,
0x000002152685e410, 0x000002152692f010, 0x0000021526809360
}

Java Threads: ( => current thread )
  0x00000215210e54d0 JavaThread "Reference Handler" daemon [_thread_blocked, id=2052, stack(0x000000443c500000,0x000000443c600000)]
  0x00000215210e69f0 JavaThread "Finalizer" daemon [_thread_blocked, id=24556, stack(0x000000443c600000,0x000000443c700000)]
  0x00000215210f8dd0 JavaThread "Signal Dispatcher" daemon [_thread_blocked, id=18184, stack(0x000000443c700000,0x000000443c800000)]
  0x00000215210fb6a0 JavaThread "Attach Listener" daemon [_thread_blocked, id=856, stack(0x000000443c800000,0x000000443c900000)]
  0x00000215210fc700 JavaThread "Service Thread" daemon [_thread_blocked, id=2772, stack(0x000000443c900000,0x000000443ca00000)]
  0x0000021521101400 JavaThread "Monitor Deflation Thread" daemon [_thread_blocked, id=19776, stack(0x000000443ca00000,0x000000443cb00000)]
  0x0000021521102840 JavaThread "C2 CompilerThread0" daemon [_thread_blocked, id=5824, stack(0x000000443cb00000,0x000000443cc00000)]
  0x00000215211059a0 JavaThread "C1 CompilerThread0" daemon [_thread_blocked, id=2364, stack(0x000000443cc00000,0x000000443cd00000)]
  0x0000021521117200 JavaThread "Sweeper thread" daemon [_thread_blocked, id=17848, stack(0x000000443cd00000,0x000000443ce00000)]
  0x0000021521c74260 JavaThread "Notification Thread" daemon [_thread_blocked, id=23880, stack(0x000000443ce00000,0x000000443cf00000)]
  0x0000021521c7f610 JavaThread "Common-Cleaner" daemon [_thread_blocked, id=18836, stack(0x000000443d000000,0x000000443d100000)]
  0x0000021521e6a390 JavaThread "Java2D Disposer" daemon [_thread_blocked, id=6636, stack(0x000000443d100000,0x000000443d200000)]
  0x0000021521e6a860 JavaThread "AWT-Shutdown" [_thread_blocked, id=20660, stack(0x000000443d200000,0x000000443d300000)]
  0x0000021521e6b080 JavaThread "AWT-Windows" daemon [_thread_in_native, id=22052, stack(0x000000443d300000,0x000000443d400000)]
  0x00000215267c8640 JavaThread "AWT-EventQueue-0" [_thread_blocked, id=12296, stack(0x000000443dd00000,0x000000443de00000)]
  0x0000021504348ff0 JavaThread "DestroyJavaVM" [_thread_blocked, id=21284, stack(0x000000443be00000,0x000000443bf00000)]
=>0x000002152685e410 JavaThread "D3D Screen Updater" daemon [_thread_in_Java, id=10208, stack(0x000000443df00000,0x000000443e000000)]
  0x000002152692f010 JavaThread "TimerQueue" daemon [_thread_blocked, id=8556, stack(0x000000443e000000,0x000000443e100000)]
  0x0000021526809360 JavaThread "mysql-cj-abandoned-connection-cleanup" daemon [_thread_blocked, id=8900, stack(0x000000443dc00000,0x000000443dd00000)]

Other Threads:
  0x00000215044278d0 VMThread "VM Thread" [stack: 0x000000443c400000,0x000000443c500000] [id=20696]
  0x0000021521c79360 WatcherThread [stack: 0x000000443cf00000,0x000000443d000000] [id=7740]
  0x00000215043807e0 GCTaskThread "GC Thread#0" [stack: 0x000000443bf00000,0x000000443c000000] [id=4528]
  0x0000021504391080 ConcurrentGCThread "G1 Main Marker" [stack: 0x000000443c000000,0x000000443c100000] [id=11260]
  0x00000215043919a0 ConcurrentGCThread "G1 Conc#0" [stack: 0x000000443c100000,0x000000443c200000] [id=23824]
  0x0000021504409d50 ConcurrentGCThread "G1 Refine#0" [stack: 0x000000443c200000,0x000000443c300000] [id=16380]
  0x000002150440a680 ConcurrentGCThread "G1 Service" [stack: 0x000000443c300000,0x000000443c400000] [id=5408]

Threads with active compile tasks:

VM state: not at safepoint (normal execution)

VM Mutex/Monitor currently owned by a thread: None

Heap address: 0x00000000a0c00000, size: 1524 MB, Compressed Oops mode: 32-bit

CDS archive(s) mapped at: [0x0000000800000000-0x0000000800bc0000-0x0000000800bc0000), size 12320768, SharedBaseAddress: 0x0000000800000000, ArchiveRelocationMode: 0.
Compressed class space mapped at: 0x0000000800c00000-0x0000000840c00000, reserved size: 1073741824
Narrow klass base: 0x0000000800000000, Narrow klass shift: 0, Narrow klass range: 0x100000000

GC Precious Log:
 CPUs: 8 total, 8 available
 Memory: 6091M
 Large Page Support: Disabled
 NUMA Support: Disabled
 Compressed Oops: Enabled (32-bit)
 Heap Region Size: 1M
 Heap Min Capacity: 8M
 Heap Initial Capacity: 96M
 Heap Max Capacity: 1524M
 Pre-touch: Disabled
 Parallel Workers: 8
 Concurrent Workers: 2
 Concurrent Refinement Workers: 8
 Periodic GC: Disabled

Heap:
 garbage-first heap   total 98304K, used 23552K [0x00000000a0c00000, 0x0000000100000000)
  region size 1024K, 21 young (21504K), 0 survivors (0K)
 Metaspace       used 12577K, committed 12864K, reserved 1064960K
  class space    used 1398K, committed 1536K, reserved 1048576K

Heap Regions: E=young(eden), S=young(survivor), O=old, HS=humongous(starts), HC=humongous(continues), CS=collection set, F=free, OA=open archive, CA=closed archive, TAMS=top-at-mark-start (previous, next)
|   0|0x00000000a0c00000, 0x00000000a0d00000, 0x00000000a0d00000|100%|HS|  |TAMS 0x00000000a0c00000, 0x00000000a0c00000| Complete 
|   1|0x00000000a0d00000, 0x00000000a0e00000, 0x00000000a0e00000|100%|HC|  |TAMS 0x00000000a0d00000, 0x00000000a0d00000| Complete 
|   2|0x00000000a0e00000, 0x00000000a0f00000, 0x00000000a0f00000|100%|HC|  |TAMS 0x00000000a0e00000, 0x00000000a0e00000| Complete 
|   3|0x00000000a0f00000, 0x00000000a0f00000, 0x00000000a1000000|  0%| F|  |TAMS 0x00000000a0f00000, 0x00000000a0f00000| Untracked 
|   4|0x00000000a1000000, 0x00000000a1000000, 0x00000000a1100000|  0%| F|  |TAMS 0x00000000a1000000, 0x00000000a1000000| Untracked 
|   5|0x00000000a1100000, 0x00000000a1100000, 0x00000000a1200000|  0%| F|  |TAMS 0x00000000a1100000, 0x00000000a1100000| Untracked 
|   6|0x00000000a1200000, 0x00000000a1200000, 0x00000000a1300000|  0%| F|  |TAMS 0x00000000a1200000, 0x00000000a1200000| Untracked 
|   7|0x00000000a1300000, 0x00000000a1300000, 0x00000000a1400000|  0%| F|  |TAMS 0x00000000a1300000, 0x00000000a1300000| Untracked 
|   8|0x00000000a1400000, 0x00000000a1400000, 0x00000000a1500000|  0%| F|  |TAMS 0x00000000a1400000, 0x00000000a1400000| Untracked 
|   9|0x00000000a1500000, 0x00000000a1500000, 0x00000000a1600000|  0%| F|  |TAMS 0x00000000a1500000, 0x00000000a1500000| Untracked 
|  10|0x00000000a1600000, 0x00000000a1600000, 0x00000000a1700000|  0%| F|  |TAMS 0x00000000a1600000, 0x00000000a1600000| Untracked 
|  11|0x00000000a1700000, 0x00000000a1700000, 0x00000000a1800000|  0%| F|  |TAMS 0x00000000a1700000, 0x00000000a1700000| Untracked 
|  12|0x00000000a1800000, 0x00000000a1800000, 0x00000000a1900000|  0%| F|  |TAMS 0x00000000a1800000, 0x00000000a1800000| Untracked 
|  13|0x00000000a1900000, 0x00000000a1900000, 0x00000000a1a00000|  0%| F|  |TAMS 0x00000000a1900000, 0x00000000a1900000| Untracked 
|  14|0x00000000a1a00000, 0x00000000a1a00000, 0x00000000a1b00000|  0%| F|  |TAMS 0x00000000a1a00000, 0x00000000a1a00000| Untracked 
|  15|0x00000000a1b00000, 0x00000000a1b00000, 0x00000000a1c00000|  0%| F|  |TAMS 0x00000000a1b00000, 0x00000000a1b00000| Untracked 
|  16|0x00000000a1c00000, 0x00000000a1c00000, 0x00000000a1d00000|  0%| F|  |TAMS 0x00000000a1c00000, 0x00000000a1c00000| Untracked 
|  17|0x00000000a1d00000, 0x00000000a1d00000, 0x00000000a1e00000|  0%| F|  |TAMS 0x00000000a1d00000, 0x00000000a1d00000| Untracked 
|  18|0x00000000a1e00000, 0x00000000a1e00000, 0x00000000a1f00000|  0%| F|  |TAMS 0x00000000a1e00000, 0x00000000a1e00000| Untracked 
|  19|0x00000000a1f00000, 0x00000000a1f00000, 0x00000000a2000000|  0%| F|  |TAMS 0x00000000a1f00000, 0x00000000a1f00000| Untracked 
|  20|0x00000000a2000000, 0x00000000a2000000, 0x00000000a2100000|  0%| F|  |TAMS 0x00000000a2000000, 0x00000000a2000000| Untracked 
|  21|0x00000000a2100000, 0x00000000a2100000, 0x00000000a2200000|  0%| F|  |TAMS 0x00000000a2100000, 0x00000000a2100000| Untracked 
|  22|0x00000000a2200000, 0x00000000a2200000, 0x00000000a2300000|  0%| F|  |TAMS 0x00000000a2200000, 0x00000000a2200000| Untracked 
|  23|0x00000000a2300000, 0x00000000a2300000, 0x00000000a2400000|  0%| F|  |TAMS 0x00000000a2300000, 0x00000000a2300000| Untracked 
|  24|0x00000000a2400000, 0x00000000a2400000, 0x00000000a2500000|  0%| F|  |TAMS 0x00000000a2400000, 0x00000000a2400000| Untracked 
|  25|0x00000000a2500000, 0x00000000a2500000, 0x00000000a2600000|  0%| F|  |TAMS 0x00000000a2500000, 0x00000000a2500000| Untracked 
|  26|0x00000000a2600000, 0x00000000a2600000, 0x00000000a2700000|  0%| F|  |TAMS 0x00000000a2600000, 0x00000000a2600000| Untracked 
|  27|0x00000000a2700000, 0x00000000a2700000, 0x00000000a2800000|  0%| F|  |TAMS 0x00000000a2700000, 0x00000000a2700000| Untracked 
|  28|0x00000000a2800000, 0x00000000a2800000, 0x00000000a2900000|  0%| F|  |TAMS 0x00000000a2800000, 0x00000000a2800000| Untracked 
|  29|0x00000000a2900000, 0x00000000a2900000, 0x00000000a2a00000|  0%| F|  |TAMS 0x00000000a2900000, 0x00000000a2900000| Untracked 
|  30|0x00000000a2a00000, 0x00000000a2a00000, 0x00000000a2b00000|  0%| F|  |TAMS 0x00000000a2a00000, 0x00000000a2a00000| Untracked 
|  31|0x00000000a2b00000, 0x00000000a2b00000, 0x00000000a2c00000|  0%| F|  |TAMS 0x00000000a2b00000, 0x00000000a2b00000| Untracked 
|  32|0x00000000a2c00000, 0x00000000a2c00000, 0x00000000a2d00000|  0%| F|  |TAMS 0x00000000a2c00000, 0x00000000a2c00000| Untracked 
|  33|0x00000000a2d00000, 0x00000000a2d00000, 0x00000000a2e00000|  0%| F|  |TAMS 0x00000000a2d00000, 0x00000000a2d00000| Untracked 
|  34|0x00000000a2e00000, 0x00000000a2e00000, 0x00000000a2f00000|  0%| F|  |TAMS 0x00000000a2e00000, 0x00000000a2e00000| Untracked 
|  35|0x00000000a2f00000, 0x00000000a2f00000, 0x00000000a3000000|  0%| F|  |TAMS 0x00000000a2f00000, 0x00000000a2f00000| Untracked 
|  36|0x00000000a3000000, 0x00000000a3000000, 0x00000000a3100000|  0%| F|  |TAMS 0x00000000a3000000, 0x00000000a3000000| Untracked 
|  37|0x00000000a3100000, 0x00000000a3100000, 0x00000000a3200000|  0%| F|  |TAMS 0x00000000a3100000, 0x00000000a3100000| Untracked 
|  38|0x00000000a3200000, 0x00000000a3200000, 0x00000000a3300000|  0%| F|  |TAMS 0x00000000a3200000, 0x00000000a3200000| Untracked 
|  39|0x00000000a3300000, 0x00000000a3300000, 0x00000000a3400000|  0%| F|  |TAMS 0x00000000a3300000, 0x00000000a3300000| Untracked 
|  40|0x00000000a3400000, 0x00000000a3400000, 0x00000000a3500000|  0%| F|  |TAMS 0x00000000a3400000, 0x00000000a3400000| Untracked 
|  41|0x00000000a3500000, 0x00000000a3500000, 0x00000000a3600000|  0%| F|  |TAMS 0x00000000a3500000, 0x00000000a3500000| Untracked 
|  42|0x00000000a3600000, 0x00000000a3600000, 0x00000000a3700000|  0%| F|  |TAMS 0x00000000a3600000, 0x00000000a3600000| Untracked 
|  43|0x00000000a3700000, 0x00000000a3700000, 0x00000000a3800000|  0%| F|  |TAMS 0x00000000a3700000, 0x00000000a3700000| Untracked 
|  44|0x00000000a3800000, 0x00000000a3800000, 0x00000000a3900000|  0%| F|  |TAMS 0x00000000a3800000, 0x00000000a3800000| Untracked 
|  45|0x00000000a3900000, 0x00000000a3900000, 0x00000000a3a00000|  0%| F|  |TAMS 0x00000000a3900000, 0x00000000a3900000| Untracked 
|  46|0x00000000a3a00000, 0x00000000a3a00000, 0x00000000a3b00000|  0%| F|  |TAMS 0x00000000a3a00000, 0x00000000a3a00000| Untracked 
|  47|0x00000000a3b00000, 0x00000000a3b00000, 0x00000000a3c00000|  0%| F|  |TAMS 0x00000000a3b00000, 0x00000000a3b00000| Untracked 
|  48|0x00000000a3c00000, 0x00000000a3c00000, 0x00000000a3d00000|  0%| F|  |TAMS 0x00000000a3c00000, 0x00000000a3c00000| Untracked 
|  49|0x00000000a3d00000, 0x00000000a3d00000, 0x00000000a3e00000|  0%| F|  |TAMS 0x00000000a3d00000, 0x00000000a3d00000| Untracked 
|  50|0x00000000a3e00000, 0x00000000a3e00000, 0x00000000a3f00000|  0%| F|  |TAMS 0x00000000a3e00000, 0x00000000a3e00000| Untracked 
|  51|0x00000000a3f00000, 0x00000000a3f00000, 0x00000000a4000000|  0%| F|  |TAMS 0x00000000a3f00000, 0x00000000a3f00000| Untracked 
|  52|0x00000000a4000000, 0x00000000a4000000, 0x00000000a4100000|  0%| F|  |TAMS 0x00000000a4000000, 0x00000000a4000000| Untracked 
|  53|0x00000000a4100000, 0x00000000a4100000, 0x00000000a4200000|  0%| F|  |TAMS 0x00000000a4100000, 0x00000000a4100000| Untracked 
|  54|0x00000000a4200000, 0x00000000a4200000, 0x00000000a4300000|  0%| F|  |TAMS 0x00000000a4200000, 0x00000000a4200000| Untracked 
|  55|0x00000000a4300000, 0x00000000a4300000, 0x00000000a4400000|  0%| F|  |TAMS 0x00000000a4300000, 0x00000000a4300000| Untracked 
|  56|0x00000000a4400000, 0x00000000a4400000, 0x00000000a4500000|  0%| F|  |TAMS 0x00000000a4400000, 0x00000000a4400000| Untracked 
|  57|0x00000000a4500000, 0x00000000a4500000, 0x00000000a4600000|  0%| F|  |TAMS 0x00000000a4500000, 0x00000000a4500000| Untracked 
|  58|0x00000000a4600000, 0x00000000a4600000, 0x00000000a4700000|  0%| F|  |TAMS 0x00000000a4600000, 0x00000000a4600000| Untracked 
|  59|0x00000000a4700000, 0x00000000a4700000, 0x00000000a4800000|  0%| F|  |TAMS 0x00000000a4700000, 0x00000000a4700000| Untracked 
|  60|0x00000000a4800000, 0x00000000a4800000, 0x00000000a4900000|  0%| F|  |TAMS 0x00000000a4800000, 0x00000000a4800000| Untracked 
|  61|0x00000000a4900000, 0x00000000a4900000, 0x00000000a4a00000|  0%| F|  |TAMS 0x00000000a4900000, 0x00000000a4900000| Untracked 
|  62|0x00000000a4a00000, 0x00000000a4a00000, 0x00000000a4b00000|  0%| F|  |TAMS 0x00000000a4a00000, 0x00000000a4a00000| Untracked 
|  63|0x00000000a4b00000, 0x00000000a4b00000, 0x00000000a4c00000|  0%| F|  |TAMS 0x00000000a4b00000, 0x00000000a4b00000| Untracked 
|  64|0x00000000a4c00000, 0x00000000a4c00000, 0x00000000a4d00000|  0%| F|  |TAMS 0x00000000a4c00000, 0x00000000a4c00000| Untracked 
|  65|0x00000000a4d00000, 0x00000000a4d00000, 0x00000000a4e00000|  0%| F|  |TAMS 0x00000000a4d00000, 0x00000000a4d00000| Untracked 
|  66|0x00000000a4e00000, 0x00000000a4e00000, 0x00000000a4f00000|  0%| F|  |TAMS 0x00000000a4e00000, 0x00000000a4e00000| Untracked 
|  67|0x00000000a4f00000, 0x00000000a4f00000, 0x00000000a5000000|  0%| F|  |TAMS 0x00000000a4f00000, 0x00000000a4f00000| Untracked 
|  68|0x00000000a5000000, 0x00000000a5000000, 0x00000000a5100000|  0%| F|  |TAMS 0x00000000a5000000, 0x00000000a5000000| Untracked 
|  69|0x00000000a5100000, 0x00000000a5100000, 0x00000000a5200000|  0%| F|  |TAMS 0x00000000a5100000, 0x00000000a5100000| Untracked 
|  70|0x00000000a5200000, 0x00000000a5200000, 0x00000000a5300000|  0%| F|  |TAMS 0x00000000a5200000, 0x00000000a5200000| Untracked 
|  71|0x00000000a5300000, 0x00000000a5300000, 0x00000000a5400000|  0%| F|  |TAMS 0x00000000a5300000, 0x00000000a5300000| Untracked 
|  72|0x00000000a5400000, 0x00000000a5400000, 0x00000000a5500000|  0%| F|  |TAMS 0x00000000a5400000, 0x00000000a5400000| Untracked 
|  73|0x00000000a5500000, 0x00000000a5500000, 0x00000000a5600000|  0%| F|  |TAMS 0x00000000a5500000, 0x00000000a5500000| Untracked 
|  74|0x00000000a5600000, 0x00000000a5600000, 0x00000000a5700000|  0%| F|  |TAMS 0x00000000a5600000, 0x00000000a5600000| Untracked 
|  75|0x00000000a5700000, 0x00000000a57ec078, 0x00000000a5800000| 92%| E|  |TAMS 0x00000000a5700000, 0x00000000a5700000| Complete 
|  76|0x00000000a5800000, 0x00000000a5900000, 0x00000000a5900000|100%| E|CS|TAMS 0x00000000a5800000, 0x00000000a5800000| Complete 
|  77|0x00000000a5900000, 0x00000000a5a00000, 0x00000000a5a00000|100%| E|CS|TAMS 0x00000000a5900000, 0x00000000a5900000| Complete 
|  78|0x00000000a5a00000, 0x00000000a5b00000, 0x00000000a5b00000|100%| E|CS|TAMS 0x00000000a5a00000, 0x00000000a5a00000| Complete 
|  79|0x00000000a5b00000, 0x00000000a5c00000, 0x00000000a5c00000|100%| E|CS|TAMS 0x00000000a5b00000, 0x00000000a5b00000| Complete 
|  80|0x00000000a5c00000, 0x00000000a5d00000, 0x00000000a5d00000|100%| E|CS|TAMS 0x00000000a5c00000, 0x00000000a5c00000| Complete 
|  81|0x00000000a5d00000, 0x00000000a5e00000, 0x00000000a5e00000|100%| E|CS|TAMS 0x00000000a5d00000, 0x00000000a5d00000| Complete 
|  82|0x00000000a5e00000, 0x00000000a5f00000, 0x00000000a5f00000|100%| E|CS|TAMS 0x00000000a5e00000, 0x00000000a5e00000| Complete 
|  83|0x00000000a5f00000, 0x00000000a6000000, 0x00000000a6000000|100%| E|CS|TAMS 0x00000000a5f00000, 0x00000000a5f00000| Complete 
|  84|0x00000000a6000000, 0x00000000a6100000, 0x00000000a6100000|100%| E|CS|TAMS 0x00000000a6000000, 0x00000000a6000000| Complete 
|  85|0x00000000a6100000, 0x00000000a6200000, 0x00000000a6200000|100%| E|CS|TAMS 0x00000000a6100000, 0x00000000a6100000| Complete 
|  86|0x00000000a6200000, 0x00000000a6300000, 0x00000000a6300000|100%| E|CS|TAMS 0x00000000a6200000, 0x00000000a6200000| Complete 
|  87|0x00000000a6300000, 0x00000000a6400000, 0x00000000a6400000|100%| E|CS|TAMS 0x00000000a6300000, 0x00000000a6300000| Complete 
|  88|0x00000000a6400000, 0x00000000a6500000, 0x00000000a6500000|100%| E|CS|TAMS 0x00000000a6400000, 0x00000000a6400000| Complete 
|  89|0x00000000a6500000, 0x00000000a6600000, 0x00000000a6600000|100%| E|CS|TAMS 0x00000000a6500000, 0x00000000a6500000| Complete 
|  90|0x00000000a6600000, 0x00000000a6700000, 0x00000000a6700000|100%| E|CS|TAMS 0x00000000a6600000, 0x00000000a6600000| Complete 
|  91|0x00000000a6700000, 0x00000000a6800000, 0x00000000a6800000|100%| E|CS|TAMS 0x00000000a6700000, 0x00000000a6700000| Complete 
|  92|0x00000000a6800000, 0x00000000a6900000, 0x00000000a6900000|100%| E|CS|TAMS 0x00000000a6800000, 0x00000000a6800000| Complete 
|  93|0x00000000a6900000, 0x00000000a6a00000, 0x00000000a6a00000|100%| E|CS|TAMS 0x00000000a6900000, 0x00000000a6900000| Complete 
|  94|0x00000000a6a00000, 0x00000000a6b00000, 0x00000000a6b00000|100%| E|CS|TAMS 0x00000000a6a00000, 0x00000000a6a00000| Complete 
|  95|0x00000000a6b00000, 0x00000000a6c00000, 0x00000000a6c00000|100%| E|CS|TAMS 0x00000000a6b00000, 0x00000000a6b00000| Complete 

Card table byte_map: [0x000002151b190000,0x000002151b490000] _byte_map_base: 0x000002151ac8a000

Marking Bits (Prev, Next): (CMBitMap*) 0x0000021504382d20, (CMBitMap*) 0x0000021504382d60
 Prev Bits: [0x000002151b790000, 0x000002151cf60000)
 Next Bits: [0x000002151cf60000, 0x000002151e730000)

Polling page: 0x0000021503b30000

Metaspace:

Usage:
  Non-class:     10.92 MB used.
      Class:      1.37 MB used.
       Both:     12.28 MB used.

Virtual space:
  Non-class space:       16.00 MB reserved,      11.06 MB ( 69%) committed,  2 nodes.
      Class space:        1.00 GB reserved,       1.50 MB ( <1%) committed,  1 nodes.
             Both:        1.02 GB reserved,      12.56 MB (  1%) committed. 

Chunk freelists:
   Non-Class:  46.00 KB
       Class:  2.44 MB
        Both:  2.48 MB

MaxMetaspaceSize: unlimited
CompressedClassSpaceSize: 1.00 GB
Initial GC threshold: 21.00 MB
Current GC threshold: 21.00 MB
CDS: on
MetaspaceReclaimPolicy: balanced
 - commit_granule_bytes: 65536.
 - commit_granule_words: 8192.
 - virtual_space_node_default_size: 1048576.
 - enlarge_chunks_in_place: 1.
 - new_chunks_are_fully_committed: 0.
 - uncommit_free_chunks: 1.
 - use_allocation_guard: 0.
 - handle_deallocations: 1.


Internal statistics:

num_allocs_failed_limit: 0.
num_arena_births: 138.
num_arena_deaths: 0.
num_vsnodes_births: 3.
num_vsnodes_deaths: 0.
num_space_committed: 201.
num_space_uncommitted: 0.
num_chunks_returned_to_freelist: 0.
num_chunks_taken_from_freelist: 277.
num_chunk_merges: 0.
num_chunk_splits: 195.
num_chunks_enlarged: 139.
num_purges: 0.
num_inconsistent_stats: 0.

CodeHeap 'non-profiled nmethods': size=120000Kb used=477Kb max_used=477Kb free=119522Kb
 bounds [0x0000021513630000, 0x00000215138a0000, 0x000002151ab60000]
CodeHeap 'profiled nmethods': size=120000Kb used=2834Kb max_used=2834Kb free=117165Kb
 bounds [0x000002150c100000, 0x000002150c3d0000, 0x0000021513630000]
CodeHeap 'non-nmethods': size=5760Kb used=1319Kb max_used=1346Kb free=4441Kb
 bounds [0x000002150bb60000, 0x000002150bdd0000, 0x000002150c100000]
 total_blobs=2239 nmethods=1578 adapters=574
 compilation: enabled
              stopped_count=0, restarted_count=0
 full_count=0

Compilation events (20 events):
Event: 2716.438 Thread 0x0000021521102840 1570       4       sun.net.www.ParseUtil::firstEncodeIndex (86 bytes)
Event: 2716.445 Thread 0x0000021521102840 nmethod 1570 0x00000215136a2a10 code [0x00000215136a2ba0, 0x00000215136a2db8]
Event: 2851.668 Thread 0x0000021521102840 1571       4       java.io.WinNTFileSystem::normalize (143 bytes)
Event: 2851.671 Thread 0x0000021521102840 nmethod 1571 0x00000215136a3010 code [0x00000215136a31c0, 0x00000215136a3448]
Event: 3287.651 Thread 0x00000215211059a0 1572 % !   3       sun.java2d.d3d.D3DScreenUpdateManager::run @ 0 (267 bytes)
Event: 3287.657 Thread 0x00000215211059a0 nmethod 1572% 0x000002150c3bbb10 code [0x000002150c3bbf60, 0x000002150c3be728]
Event: 3343.251 Thread 0x00000215211059a0 1573   !   3       sun.java2d.d3d.D3DScreenUpdateManager::run (267 bytes)
Event: 3343.254 Thread 0x00000215211059a0 nmethod 1573 0x000002150c3bf710 code [0x000002150c3bfb60, 0x000002150c3c22a8]
Event: 4198.911 Thread 0x0000021521102840 1574       4       java.lang.String::replace (42 bytes)
Event: 4198.925 Thread 0x0000021521102840 nmethod 1574 0x00000215136a3690 code [0x00000215136a3820, 0x00000215136a3dd8]
Event: 5514.984 Thread 0x0000021521102840 1575 % !   4       sun.java2d.d3d.D3DScreenUpdateManager::run @ 0 (267 bytes)
Event: 5514.997 Thread 0x0000021521102840 nmethod 1575% 0x00000215136a4110 code [0x00000215136a4300, 0x00000215136a5158]
Event: 6015.534 Thread 0x0000021521102840 1576 % !   4       sun.java2d.d3d.D3DScreenUpdateManager::run @ 105 (267 bytes)
Event: 6015.559 Thread 0x0000021521102840 nmethod 1576% 0x00000215136a5890 code [0x00000215136a5a80, 0x00000215136a6a98]
Event: 6450.508 Thread 0x00000215211059a0 1577   !   3       java.awt.event.InvocationEvent::dispatch (69 bytes)
Event: 6450.509 Thread 0x00000215211059a0 nmethod 1577 0x000002150c3c3210 code [0x000002150c3c3400, 0x000002150c3c3ab8]
Event: 6450.600 Thread 0x0000021521102840 1578       4       sun.java2d.loops.GraphicsPrimitiveMgr$2::compare (39 bytes)
Event: 6450.602 Thread 0x0000021521102840 nmethod 1578 0x00000215136a7290 code [0x00000215136a7420, 0x00000215136a7538]
Event: 6450.838 Thread 0x00000215211059a0 1579       3       java.beans.PropertyChangeSupport::firePropertyChange (35 bytes)
Event: 6450.844 Thread 0x00000215211059a0 nmethod 1579 0x000002150c3c3c90 code [0x000002150c3c3e80, 0x000002150c3c4628]

GC Heap History (0 events):
No events

Deoptimization events (20 events):
Event: 6.849 Thread 0x00000215267c8640 DEOPT UNPACKING pc=0x000002150bbb2b43 sp=0x000000443ddfb3a8 mode 0
Event: 6.865 Thread 0x00000215267c8640 DEOPT PACKING pc=0x000002150c245f65 sp=0x000000443ddf9270
Event: 6.865 Thread 0x00000215267c8640 DEOPT UNPACKING pc=0x000002150bbb2b43 sp=0x000000443ddf86c0 mode 0
Event: 7.079 Thread 0x00000215267c8640 Uncommon trap: trap_request=0xffffff45 fr.pc=0x00000215136668a0 relative=0x00000000000000a0
Event: 7.079 Thread 0x00000215267c8640 Uncommon trap: reason=unstable_if action=reinterpret pc=0x00000215136668a0 method=java.awt.Component.inside(II)Z @ 9 c2
Event: 7.079 Thread 0x00000215267c8640 DEOPT PACKING pc=0x00000215136668a0 sp=0x000000443ddfda40
Event: 7.079 Thread 0x00000215267c8640 DEOPT UNPACKING pc=0x000002150bbb23a3 sp=0x000000443ddfd8d8 mode 2
Event: 449.642 Thread 0x000002152685e410 Uncommon trap: trap_request=0xffffffcc fr.pc=0x000002151369fe64 relative=0x0000000000000244
Event: 449.642 Thread 0x000002152685e410 Uncommon trap: reason=intrinsic_or_type_checked_inlining action=make_not_entrant pc=0x000002151369fe64 method=java.util.Arrays.copyOf([Ljava/lang/Object;ILjava/lang/Class;)[Ljava/lang/Object; @ 35 c2
Event: 449.642 Thread 0x000002152685e410 DEOPT PACKING pc=0x000002151369fe64 sp=0x000000443dfff470
Event: 449.642 Thread 0x000002152685e410 DEOPT UNPACKING pc=0x000002150bbb23a3 sp=0x000000443dfff400 mode 2
Event: 560.890 Thread 0x000002152685e410 Uncommon trap: trap_request=0xffffffdc fr.pc=0x00000215136a0ec4 relative=0x00000000000001a4
Event: 560.890 Thread 0x000002152685e410 Uncommon trap: reason=class_check action=make_not_entrant pc=0x00000215136a0ec4 method=java.util.ArrayList.toArray([Ljava/lang/Object;)[Ljava/lang/Object; @ 21 c2
Event: 560.890 Thread 0x000002152685e410 DEOPT PACKING pc=0x00000215136a0ec4 sp=0x000000443dfff4d0
Event: 560.890 Thread 0x000002152685e410 DEOPT UNPACKING pc=0x000002150bbb23a3 sp=0x000000443dfff490 mode 2
Event: 5959.965 Thread 0x000002152685e410 DEOPT PACKING pc=0x000002150c3be49b sp=0x000000443dfff490
Event: 5959.966 Thread 0x000002152685e410 DEOPT UNPACKING pc=0x000002150bbb2b43 sp=0x000000443dffea20 mode 0
Event: 6450.903 Thread 0x000002152685e410 Uncommon trap: trap_request=0xffffffcc fr.pc=0x00000215136a66e0 relative=0x0000000000000c60
Event: 6450.903 Thread 0x000002152685e410 Uncommon trap: reason=intrinsic_or_type_checked_inlining action=make_not_entrant pc=0x00000215136a66e0 method=java.util.ArrayList.toArray([Ljava/lang/Object;)[Ljava/lang/Object; @ 36 c2
Event: 6450.903 Thread 0x000002152685e410 DEOPT PACKING pc=0x00000215136a66e0 sp=0x000000443dfff580

Classes unloaded (0 events):
No events

Classes redefined (0 events):
No events

Internal exceptions (17 events):
Event: 0.159 Thread 0x0000021504348ff0 Exception <a 'java/lang/ClassNotFoundException'{0x00000000a6a814d0}: sun/awt/resources/spi/awtProvider> (0x00000000a6a814d0) 
thrown [t:\workspace\open\src\hotspot\share\classfile\systemDictionary.cpp, line 256]
Event: 0.189 Thread 0x0000021504348ff0 Exception <a 'java/io/FileNotFoundException'{0x00000000a6ad9f80}> (0x00000000a6ad9f80) 
thrown [t:\workspace\open\src\hotspot\share\prims\jni.cpp, line 516]
Event: 0.196 Thread 0x0000021504348ff0 Exception <a 'java/io/FileNotFoundException'{0x00000000a6907568}> (0x00000000a6907568) 
thrown [t:\workspace\open\src\hotspot\share\prims\jni.cpp, line 516]
Event: 0.247 Thread 0x0000021504348ff0 Exception <a 'java/lang/NoSuchMethodError'{0x00000000a6955fb0}: 'java.lang.Object java.lang.invoke.DirectMethodHandle$Holder.invokeStaticInit(java.lang.Object)'> (0x00000000a6955fb0) 
thrown [t:\workspace\open\src\hotspot\share\interpreter\linkResolver.cpp, line 766]
Event: 0.351 Thread 0x0000021504348ff0 Exception <a 'java/lang/NoSuchMethodError'{0x00000000a6816e10}: 'void java.lang.invoke.DirectMethodHandle$Holder.invokeSpecial(java.lang.Object, java.lang.Object, java.lang.Object)'> (0x00000000a6816e10) 
thrown [t:\workspace\open\src\hotspot\share\interpreter\linkResolver.cpp, line 766]
Event: 0.366 Thread 0x0000021504348ff0 Exception <a 'java/lang/NoSuchMethodError'{0x00000000a6840f78}: 'java.lang.Object java.lang.invoke.DirectMethodHandle$Holder.newInvokeSpecial(java.lang.Object, java.lang.Object, java.lang.Object, java.lang.Object, java.lang.Object)'> (0x00000000a6840f78) 
thrown [t:\workspace\open\src\hotspot\share\interpreter\linkResolver.cpp, line 766]
Event: 0.368 Thread 0x0000021504348ff0 Exception <a 'java/lang/NoSuchMethodError'{0x00000000a684c940}: 'java.lang.Object java.lang.invoke.DirectMethodHandle$Holder.invokeStatic(java.lang.Object, int, java.lang.Object, java.lang.Object, java.lang.Object, java.lang.Object)'> (0x00000000a684c940) 
thrown [t:\workspace\open\src\hotspot\share\interpreter\linkResolver.cpp, line 766]
Event: 0.375 Thread 0x0000021504348ff0 Exception <a 'java/lang/NoSuchMethodError'{0x00000000a6872100}: 'java.lang.Object java.lang.invoke.DirectMethodHandle$Holder.invokeStatic(java.lang.Object, int, java.lang.Object)'> (0x00000000a6872100) 
thrown [t:\workspace\open\src\hotspot\share\interpreter\linkResolver.cpp, line 766]
Event: 0.406 Thread 0x0000021504348ff0 Exception <a 'java/lang/ClassNotFoundException'{0x00000000a672aa78}: com/sun/swing/internal/plaf/metal/resources/spi/metalProvider> (0x00000000a672aa78) 
thrown [t:\workspace\open\src\hotspot\share\classfile\systemDictionary.cpp, line 256]
Event: 0.407 Thread 0x0000021504348ff0 Exception <a 'java/lang/ClassNotFoundException'{0x00000000a672e900}: com/sun/swing/internal/plaf/basic/resources/spi/basicProvider> (0x00000000a672e900) 
thrown [t:\workspace\open\src\hotspot\share\classfile\systemDictionary.cpp, line 256]
Event: 0.426 Thread 0x000002152678ee60 Exception <a 'java/lang/NoSuchMethodError'{0x00000000a6787970}: 'java.lang.Object java.lang.invoke.DirectMethodHandle$Holder.newInvokeSpecial(java.lang.Object, java.lang.Object, java.lang.Object, int, int, int, int, int)'> (0x00000000a6787970) 
thrown [t:\workspace\open\src\hotspot\share\interpreter\linkResolver.cpp, line 766]
Event: 0.507 Thread 0x0000021504348ff0 Exception <a 'java/lang/NoSuchMethodError'{0x00000000a66256c8}: 'void java.lang.invoke.DirectMethodHandle$Holder.invokeStaticInit(java.lang.Object)'> (0x00000000a66256c8) 
thrown [t:\workspace\open\src\hotspot\share\interpreter\linkResolver.cpp, line 766]
Event: 0.587 Thread 0x0000021521e6b080 Exception <a 'java/lang/NoSuchMethodError'{0x00000000a6986a08}: 'void java.lang.invoke.DirectMethodHandle$Holder.invokeVirtual(java.lang.Object, java.lang.Object)'> (0x00000000a6986a08) 
thrown [t:\workspace\open\src\hotspot\share\interpreter\linkResolver.cpp, line 766]
Event: 6.722 Thread 0x00000215267c8640 Exception <a 'java/lang/NoSuchMethodError'{0x00000000a6387c18}: 'java.lang.Object java.lang.invoke.DirectMethodHandle$Holder.invokeInterface(java.lang.Object, java.lang.Object)'> (0x00000000a6387c18) 
thrown [t:\workspace\open\src\hotspot\share\interpreter\linkResolver.cpp, line 766]
Event: 6.749 Thread 0x00000215267c8640 Exception <a 'java/lang/NoSuchMethodError'{0x00000000a62073a8}: 'void java.lang.invoke.DirectMethodHandle$Holder.invokeStatic(java.lang.Object, java.lang.Object, java.lang.Object)'> (0x00000000a62073a8) 
thrown [t:\workspace\open\src\hotspot\share\interpreter\linkResolver.cpp, line 766]
Event: 6.751 Thread 0x00000215267c8640 Exception <a 'java/lang/NoSuchMethodError'{0x00000000a62118c0}: 'java.lang.Object java.lang.invoke.DirectMethodHandle$Holder.invokeVirtual(java.lang.Object, java.lang.Object, java.lang.Object)'> (0x00000000a62118c0) 
thrown [t:\workspace\open\src\hotspot\share\interpreter\linkResolver.cpp, line 766]
Event: 6.854 Thread 0x00000215267c8640 Exception <a 'java/lang/NoSuchMethodError'{0x00000000a5f37b20}: 'void java.lang.invoke.DirectMethodHandle$Holder.invokeStatic(java.lang.Object, java.lang.Object)'> (0x00000000a5f37b20) 
thrown [t:\workspace\open\src\hotspot\share\interpreter\linkResolver.cpp, line 766]

VM Operations (20 events):
Event: 6.648 Executing VM operation: Cleanup
Event: 6.648 Executing VM operation: Cleanup done
Event: 6.847 Executing VM operation: HandshakeAllThreads
Event: 6.847 Executing VM operation: HandshakeAllThreads done
Event: 6.962 Executing VM operation: HandshakeAllThreads
Event: 6.962 Executing VM operation: HandshakeAllThreads done
Event: 7.970 Executing VM operation: Cleanup
Event: 7.971 Executing VM operation: Cleanup done
Event: 8.973 Executing VM operation: Cleanup
Event: 8.973 Executing VM operation: Cleanup done
Event: 12.003 Executing VM operation: Cleanup
Event: 12.003 Executing VM operation: Cleanup done
Event: 582.398 Executing VM operation: Cleanup
Event: 582.398 Executing VM operation: Cleanup done
Event: 633.754 Executing VM operation: Cleanup
Event: 633.755 Executing VM operation: Cleanup done
Event: 1059.273 Executing VM operation: Cleanup
Event: 1059.273 Executing VM operation: Cleanup done
Event: 1254.786 Executing VM operation: Cleanup
Event: 1254.786 Executing VM operation: Cleanup done

Events (20 events):
Event: 7.053 loading class jdk/internal/reflect/ClassDefiner done
Event: 7.053 loading class jdk/internal/reflect/ClassDefiner$1
Event: 7.053 loading class jdk/internal/reflect/ClassDefiner$1 done
Event: 7.054 Thread 0x000002152680ab70 Thread added: 0x000002152680ab70
Event: 7.080 loading class java/awt/Window$1DisposeAction
Event: 7.080 loading class java/awt/Window$1DisposeAction done
Event: 7.080 loading class java/awt/KeyboardFocusManager$2
Event: 7.080 loading class java/awt/KeyboardFocusManager$2 done
Event: 7.084 loading class java/awt/LightweightDispatcher$2
Event: 7.084 loading class java/awt/LightweightDispatcher$2 done
Event: 8.138 Thread 0x00000215269421c0 Thread exited: 0x00000215269421c0
Event: 11.370 loading class sun/awt/SunToolkit$1
Event: 11.370 loading class sun/awt/SunToolkit$1 done
Event: 12.066 Thread 0x000002152680ab70 Thread exited: 0x000002152680ab70
Event: 6450.518 loading class java/util/WeakHashMap$KeyIterator
Event: 6450.521 loading class java/util/WeakHashMap$HashIterator
Event: 6450.523 loading class java/util/WeakHashMap$HashIterator done
Event: 6450.523 loading class java/util/WeakHashMap$KeyIterator done
Event: 6450.757 loading class javax/swing/RepaintManager$DisplayChangedRunnable
Event: 6450.780 loading class javax/swing/RepaintManager$DisplayChangedRunnable done


Dynamic libraries:
0x00007ff62df10000 - 0x00007ff62df20000 	C:\Program Files\Java\jdk-17\bin\javaw.exe
0x00007ffcddc30000 - 0x00007ffcdde28000 	C:\Windows\SYSTEM32\ntdll.dll
0x00007ffcdd500000 - 0x00007ffcdd5bf000 	C:\Windows\System32\KERNEL32.DLL
0x00007ffcdb400000 - 0x00007ffcdb6d2000 	C:\Windows\System32\KERNELBASE.dll
0x00007ffcdb6e0000 - 0x00007ffcdb7e0000 	C:\Windows\System32\ucrtbase.dll
0x00007ffcb8fc0000 - 0x00007ffcb8fd8000 	C:\Program Files\Java\jdk-17\bin\jli.dll
0x00007ffcb56e0000 - 0x00007ffcb56fa000 	C:\Program Files\Java\jdk-17\bin\VCRUNTIME140.dll
0x00007ffcdd7a0000 - 0x00007ffcdd84e000 	C:\Windows\System32\ADVAPI32.dll
0x00007ffcdcd80000 - 0x00007ffcdce1e000 	C:\Windows\System32\msvcrt.dll
0x00007ffcdbee0000 - 0x00007ffcdbf7c000 	C:\Windows\System32\sechost.dll
0x00007ffcdc810000 - 0x00007ffcdc935000 	C:\Windows\System32\RPCRT4.dll
0x00007ffcdbc90000 - 0x00007ffcdbe2d000 	C:\Windows\System32\USER32.dll
0x00007ffcdbaf0000 - 0x00007ffcdbb12000 	C:\Windows\System32\win32u.dll
0x00007ffcda740000 - 0x00007ffcda9da000 	C:\Windows\WinSxS\amd64_microsoft.windows.common-controls_6595b64144ccf1df_6.0.19041.1110_none_60b5254171f9507e\COMCTL32.dll
0x00007ffcdd860000 - 0x00007ffcdd88b000 	C:\Windows\System32\GDI32.dll
0x00007ffcdb7e0000 - 0x00007ffcdb8ef000 	C:\Windows\System32\gdi32full.dll
0x00007ffcdb330000 - 0x00007ffcdb3cd000 	C:\Windows\System32\msvcp_win.dll
0x00007ffcd06e0000 - 0x00007ffcd06ea000 	C:\Windows\SYSTEM32\VERSION.dll
0x00007ffcdd6f0000 - 0x00007ffcdd722000 	C:\Windows\System32\IMM32.DLL
0x00007ffccdbe0000 - 0x00007ffccdbec000 	C:\Program Files\Java\jdk-17\bin\vcruntime140_1.dll
0x00007ffcb2050000 - 0x00007ffcb20dd000 	C:\Program Files\Java\jdk-17\bin\msvcp140.dll
0x00007ffcacee0000 - 0x00007ffcada9e000 	C:\Program Files\Java\jdk-17\bin\server\jvm.dll
0x00007ffcdbc80000 - 0x00007ffcdbc88000 	C:\Windows\System32\PSAPI.DLL
0x00007ffcd06b0000 - 0x00007ffcd06d7000 	C:\Windows\SYSTEM32\WINMM.dll
0x00007ffccd370000 - 0x00007ffccd379000 	C:\Windows\SYSTEM32\WSOCK32.dll
0x00007ffcdd730000 - 0x00007ffcdd79b000 	C:\Windows\System32\WS2_32.dll
0x00007ffcd8400000 - 0x00007ffcd8412000 	C:\Windows\SYSTEM32\kernel.appcore.dll
0x00007ffcccc10000 - 0x00007ffcccc1a000 	C:\Program Files\Java\jdk-17\bin\jimage.dll
0x00007ffcdacc0000 - 0x00007ffcdaea4000 	C:\Windows\SYSTEM32\DBGHELP.DLL
0x00007ffcdac90000 - 0x00007ffcdacbc000 	C:\Windows\SYSTEM32\dbgcore.DLL
0x00007ffcdb940000 - 0x00007ffcdb9c2000 	C:\Windows\System32\bcryptPrimitives.dll
0x00007ffcb56b0000 - 0x00007ffcb56d5000 	C:\Program Files\Java\jdk-17\bin\java.dll
0x00007ffca2a60000 - 0x00007ffca2b36000 	C:\Program Files\Java\jdk-17\bin\svml.dll
0x00007ffcdbfe0000 - 0x00007ffcdc723000 	C:\Windows\System32\SHELL32.dll
0x00007ffcd8700000 - 0x00007ffcd8e92000 	C:\Windows\SYSTEM32\windows.storage.dll
0x00007ffcdd890000 - 0x00007ffcddbe4000 	C:\Windows\System32\combase.dll
0x00007ffcda6a0000 - 0x00007ffcda6d0000 	C:\Windows\SYSTEM32\Wldp.dll
0x00007ffcdce30000 - 0x00007ffcdcedd000 	C:\Windows\System32\SHCORE.dll
0x00007ffcdcd20000 - 0x00007ffcdcd75000 	C:\Windows\System32\shlwapi.dll
0x00007ffcdb270000 - 0x00007ffcdb28f000 	C:\Windows\SYSTEM32\profapi.dll
0x00007ffcacec0000 - 0x00007ffcaced9000 	C:\Program Files\Java\jdk-17\bin\net.dll
0x00007ffccafe0000 - 0x00007ffccb0ec000 	C:\Windows\SYSTEM32\WINHTTP.dll
0x00007ffcda380000 - 0x00007ffcda3ea000 	C:\Windows\system32\mswsock.dll
0x00007ffca2a40000 - 0x00007ffca2a55000 	C:\Program Files\Java\jdk-17\bin\nio.dll
0x00007ffca2a20000 - 0x00007ffca2a38000 	C:\Program Files\Java\jdk-17\bin\zip.dll
0x00007ffcb3030000 - 0x00007ffcb31bf000 	C:\Program Files\Java\jdk-17\bin\awt.dll
0x00007ffcdcee0000 - 0x00007ffcdcfad000 	C:\Windows\System32\OLEAUT32.dll
0x00007ffcd7e20000 - 0x00007ffcd7eb1000 	C:\Windows\SYSTEM32\apphelp.dll
0x00007ffcd81f0000 - 0x00007ffcd821f000 	C:\Windows\system32\DWMAPI.DLL
0x00007ffcd7ff0000 - 0x00007ffcd808e000 	C:\Windows\system32\uxtheme.dll
0x00007ffc97ec0000 - 0x00007ffc97fe5000 	C:\Windows\system32\opengl32.dll
0x00007ffccccb0000 - 0x00007ffccccdc000 	C:\Windows\SYSTEM32\GLU32.dll
0x00007ffcdcba0000 - 0x00007ffcdccb5000 	C:\Windows\System32\MSCTF.dll
0x00007ffcdd5c0000 - 0x00007ffcdd6ea000 	C:\Windows\System32\ole32.dll
0x00007ffc9f210000 - 0x00007ffc9f3df000 	C:\Windows\system32\d3d9.dll
0x00007ffcd06f0000 - 0x00007ffcd08cb000 	C:\Windows\System32\DriverStore\FileRepository\u0365656.inf_amd64_5926d42fa64b989d\B365142\aticfx64.dll
0x00007ffcccfb0000 - 0x00007ffcccfe3000 	C:\Windows\System32\DriverStore\FileRepository\u0365656.inf_amd64_5926d42fa64b989d\B365142\atiu9p64.dll
0x00007ffca33d0000 - 0x00007ffca40e2000 	C:\Windows\System32\DriverStore\FileRepository\u0365656.inf_amd64_5926d42fa64b989d\B365142\atiumd64.dll
0x000000005daa0000 - 0x000000005e95d000 	C:\Windows\System32\DriverStore\FileRepository\u0365656.inf_amd64_5926d42fa64b989d\B365142\atiumd6a.dll
0x00007ffcdb1a0000 - 0x00007ffcdb1eb000 	C:\Windows\SYSTEM32\POWRPROF.dll
0x00007ffcdb0d0000 - 0x00007ffcdb0e2000 	C:\Windows\SYSTEM32\UMPDC.dll
0x00007ffcce280000 - 0x00007ffcce2b0000 	C:\Windows\SYSTEM32\amdihk64.dll
0x00007ffcd17c0000 - 0x00007ffcd17fb000 	C:\Windows\SYSTEM32\dxcore.dll
0x00007ffcdb8f0000 - 0x00007ffcdb93e000 	C:\Windows\System32\cfgmgr32.dll
0x00007ffcc9dd0000 - 0x00007ffcc9e59000 	C:\Program Files\Java\jdk-17\bin\freetype.dll
0x00007ffcbf940000 - 0x00007ffcbf9e8000 	C:\Program Files\Java\jdk-17\bin\fontmanager.dll
0x00007ffcdbe30000 - 0x00007ffcdbedf000 	C:\Windows\System32\clbcatq.dll
0x00007ffcd4a20000 - 0x00007ffcd4bd4000 	C:\Windows\SYSTEM32\WindowsCodecs.dll
0x00007ffcdb3d0000 - 0x00007ffcdb3f7000 	C:\Windows\System32\bcrypt.dll
0x00007ffcc9010000 - 0x00007ffcc904e000 	C:\Windows\system32\dataexchange.dll
0x00007ffcd6690000 - 0x00007ffcd68f3000 	C:\Windows\system32\d3d11.dll
0x00007ffcd7320000 - 0x00007ffcd7503000 	C:\Windows\system32\dcomp.dll
0x00007ffcd9590000 - 0x00007ffcd9683000 	C:\Windows\system32\dxgi.dll
0x00007ffcd4d00000 - 0x00007ffcd4f00000 	C:\Windows\system32\twinapi.appcore.dll
0x00007ffcd2d20000 - 0x00007ffcd2e19000 	C:\Windows\SYSTEM32\textinputframework.dll
0x00007ffcd7510000 - 0x00007ffcd786e000 	C:\Windows\System32\CoreUIComponents.dll
0x00007ffcd7bf0000 - 0x00007ffcd7ce2000 	C:\Windows\System32\CoreMessaging.dll
0x00007ffcdaf30000 - 0x00007ffcdaf63000 	C:\Windows\SYSTEM32\ntmarta.dll
0x00007ffcd6530000 - 0x00007ffcd6684000 	C:\Windows\SYSTEM32\wintypes.dll
0x00007ffcc9390000 - 0x00007ffcc943c000 	C:\Windows\SYSTEM32\TextShaping.dll

dbghelp: loaded successfully - version: 4.0.5 - missing functions: none
symbol engine: initialized successfully - sym options: 0x614 - pdb path: .;C:\Program Files\Java\jdk-17\bin;C:\Windows\SYSTEM32;C:\Windows\WinSxS\amd64_microsoft.windows.common-controls_6595b64144ccf1df_6.0.19041.1110_none_60b5254171f9507e;C:\Program Files\Java\jdk-17\bin\server;C:\Windows\System32\DriverStore\FileRepository\u0365656.inf_amd64_5926d42fa64b989d\B365142

VM Arguments:
jvm_args: -Dfile.encoding=Cp1252 -XX:+ShowCodeDetailsInExceptionMessages 
java_command: grafica.MainGrafico
java_class_path (initial): C:\Users\raoul\eclipse-workspace\SendEmail\target\classes;C:\Users\raoul\Downloads\jdatepicker-1.3.4.jar;C:\Users\raoul\Desktop\progetto\lib\mysql-connector-j-8.0.31.jar;C:\Users\raoul\.m2\repository\com\sun\mail\javax.mail\1.6.2\javax.mail-1.6.2.jar;C:\Users\raoul\.m2\repository\javax\activation\activation\1.1\activation-1.1.jar
Launcher Type: SUN_STANDARD

[Global flags]
     intx CICompilerCount                          = 4                                         {product} {ergonomic}
     uint ConcGCThreads                            = 2                                         {product} {ergonomic}
     uint G1ConcRefinementThreads                  = 8                                         {product} {ergonomic}
   size_t G1HeapRegionSize                         = 1048576                                   {product} {ergonomic}
    uintx GCDrainStackTargetSize                   = 64                                        {product} {ergonomic}
   size_t InitialHeapSize                          = 100663296                                 {product} {ergonomic}
   size_t MarkStackSize                            = 4194304                                   {product} {ergonomic}
   size_t MaxHeapSize                              = 1598029824                                {product} {ergonomic}
   size_t MaxNewSize                               = 958398464                                 {product} {ergonomic}
   size_t MinHeapDeltaBytes                        = 1048576                                   {product} {ergonomic}
   size_t MinHeapSize                              = 8388608                                   {product} {ergonomic}
    uintx NonNMethodCodeHeapSize                   = 5839372                                {pd product} {ergonomic}
    uintx NonProfiledCodeHeapSize                  = 122909434                              {pd product} {ergonomic}
    uintx ProfiledCodeHeapSize                     = 122909434                              {pd product} {ergonomic}
    uintx ReservedCodeCacheSize                    = 251658240                              {pd product} {ergonomic}
     bool SegmentedCodeCache                       = true                                      {product} {ergonomic}
     bool ShowCodeDetailsInExceptionMessages       = true                                   {manageable} {command line}
   size_t SoftMaxHeapSize                          = 1598029824                             {manageable} {ergonomic}
     bool UseCompressedClassPointers               = true                           {product lp64_product} {ergonomic}
     bool UseCompressedOops                        = true                           {product lp64_product} {ergonomic}
     bool UseG1GC                                  = true                                      {product} {ergonomic}
     bool UseLargePagesIndividualAllocation        = false                                  {pd product} {ergonomic}

Logging:
Log output configuration:
 #0: stdout all=warning uptime,level,tags
 #1: stderr all=off uptime,level,tags

Environment Variables:
PATH=C:\Program Files\Common Files\Oracle\Java\javapath;C:\Program Files (x86)\NVIDIA Corporation\PhysX\Common;C:\Windows\system32;C:\Windows;C:\Windows\System32\Wbem;C:\Windows\System32\WindowsPowerShell\v1.0\;C:\Windows\System32\OpenSSH\;C:\Program Files\PuTTY\;C:\Program Files\dotnet\;C:\Program Files (x86)\QuickTime\QTSystem\;C:\Users\raoul\AppData\Local\Microsoft\WindowsApps
USERNAME=raoul
OS=Windows_NT
PROCESSOR_IDENTIFIER=AMD64 Family 23 Model 24 Stepping 1, AuthenticAMD



---------------  S Y S T E M  ---------------

OS:
 Windows 10 , 64 bit Build 19041 (10.0.19041.2251)
OS uptime: 12 days 21:40 hours

CPU: total 8 (initial active 8) (8 cores per cpu, 2 threads per core) family 23 model 24 stepping 1 microcode 0x0, cx8, cmov, fxsr, ht, mmx, 3dnowpref, sse, sse2, sse3, ssse3, sse4a, sse4.1, sse4.2, popcnt, lzcnt, tsc, tscinvbit, avx, avx2, aes, clmul, bmi1, bmi2, adx, sha, fma, vzeroupper, clflush, clflushopt

Memory: 4k page, system-wide physical 6091M (320M free)
TotalPageFile size 24523M (AvailPageFile size 0M)
current process WorkingSet (physical memory assigned to process): 30M, peak: 115M
current process commit charge ("private bytes"): 239M, peak: 244M

vm_info: Java HotSpot(TM) 64-Bit Server VM (17+35-LTS-2724) for windows-amd64 JRE (17+35-LTS-2724), built on Aug  5 2021 23:28:28 by "mach5one" with MS VC++ 16.8 (VS2019)

END.
